2019-05-07 15:04:38,006 CRIT Supervisor running as root (no user in config file)
2019-05-07 15:04:38,007 INFO Included extra file "/etc/supervisor/conf.d/supervisord.conf" during parsing
2019-05-07 15:04:38,055 INFO RPC interface 'supervisor' initialized
2019-05-07 15:04:38,056 CRIT Server 'unix_http_server' running without any HTTP authentication checking
2019-05-07 15:04:38,056 INFO supervisord started with pid 1
2019-05-07 15:04:39,060 INFO spawned: 'varnishd' with pid 15
2019-05-07 15:04:39,069 INFO spawned: 'php-fpm' with pid 16
2019-05-07 15:04:39,073 INFO spawned: 'varnish-plugins-watcher' with pid 17
2019-05-07 15:04:39,501 INFO spawned: 'nginx' with pid 21
2019-05-07 15:04:39,514 INFO spawned: 'MailHog' with pid 22
2019-05-07 15:04:39,522 INFO spawned: 'mysql' with pid 23
2019-05-07 15:04:39,526 INFO spawned: 'varnish-themes-watcher' with pid 24
2019-05-07 15:04:40,572 INFO success: varnishd entered RUNNING state, process has stayed up for > than 1 seconds (startsecs)
2019-05-07 15:04:40,572 INFO success: php-fpm entered RUNNING state, process has stayed up for > than 1 seconds (startsecs)
2019-05-07 15:04:40,573 INFO success: varnish-plugins-watcher entered RUNNING state, process has stayed up for > than 1 seconds (startsecs)
2019-05-07 15:04:40,573 INFO success: nginx entered RUNNING state, process has stayed up for > than 1 seconds (startsecs)
2019-05-07 15:04:40,574 INFO success: MailHog entered RUNNING state, process has stayed up for > than 1 seconds (startsecs)
2019-05-07 15:04:40,574 INFO success: mysql entered RUNNING state, process has stayed up for > than 1 seconds (startsecs)
2019-05-07 15:04:40,574 INFO success: varnish-themes-watcher entered RUNNING state, process has stayed up for > than 1 seconds (startsecs)
2019-05-07 17:11:18,873 WARN received SIGTERM indicating exit request
2019-05-07 17:11:18,874 INFO waiting for varnishd, php-fpm, varnish-plugins-watcher, nginx, MailHog, mysql, varnish-themes-watcher to die
2019-05-07 17:11:19,875 INFO stopped: varnish-themes-watcher (terminated by SIGTERM)
2019-05-07 17:11:19,933 INFO stopped: mysql (exit status 0)
2019-05-07 17:11:19,947 INFO stopped: MailHog (terminated by SIGTERM)
2019-05-07 17:11:19,948 INFO reaped unknown pid 5028
2019-05-07 17:11:19,955 INFO stopped: nginx (exit status 0)
2019-05-07 17:11:19,963 INFO stopped: varnish-plugins-watcher (terminated by SIGTERM)
2019-05-07 17:11:19,979 INFO reaped unknown pid 5070
2019-05-07 17:11:20,087 INFO stopped: php-fpm (exit status 0)
2019-05-07 17:11:21,303 INFO stopped: varnishd (exit status 0)
2019-06-05 14:47:54,541 CRIT Supervisor running as root (no user in config file)
2019-06-05 14:47:54,549 INFO Included extra file "/etc/supervisor/conf.d/supervisord.conf" during parsing
2019-06-05 14:47:54,617 INFO RPC interface 'supervisor' initialized
2019-06-05 14:47:54,625 CRIT Server 'unix_http_server' running without any HTTP authentication checking
2019-06-05 14:47:54,626 INFO supervisord started with pid 1
2019-06-05 14:47:55,631 INFO spawned: 'varnishd' with pid 56
2019-06-05 14:47:55,648 INFO spawned: 'php-fpm' with pid 57
2019-06-05 14:47:55,653 INFO spawned: 'varnish-plugins-watcher' with pid 58
2019-06-05 14:47:55,756 INFO spawned: 'nginx' with pid 61
2019-06-05 14:47:55,761 INFO spawned: 'MailHog' with pid 62
2019-06-05 14:47:55,766 INFO spawned: 'mysql' with pid 63
2019-06-05 14:47:55,770 INFO spawned: 'varnish-themes-watcher' with pid 64
2019-06-05 14:47:56,754 INFO success: varnishd entered RUNNING state, process has stayed up for > than 1 seconds (startsecs)
2019-06-05 14:47:56,755 INFO success: php-fpm entered RUNNING state, process has stayed up for > than 1 seconds (startsecs)
2019-06-05 14:47:56,756 INFO success: varnish-plugins-watcher entered RUNNING state, process has stayed up for > than 1 seconds (startsecs)
2019-06-05 14:47:56,757 INFO success: nginx entered RUNNING state, process has stayed up for > than 1 seconds (startsecs)
2019-06-05 14:47:56,757 INFO success: MailHog entered RUNNING state, process has stayed up for > than 1 seconds (startsecs)
2019-06-05 14:47:57,759 INFO success: mysql entered RUNNING state, process has stayed up for > than 1 seconds (startsecs)
2019-06-05 14:47:57,760 INFO success: varnish-themes-watcher entered RUNNING state, process has stayed up for > than 1 seconds (startsecs)
