[05-Jun-2019 14:56:03 UTC] PHP Parse error:  syntax error, unexpected '?>' in /app/public/wp-content/themes/fictional-university-theme/index.php on line 7
[05-Jun-2019 14:57:43 UTC] PHP Parse error:  syntax error, unexpected '?>' in /app/public/wp-content/themes/fictional-university-theme/index.php on line 7
[05-Jun-2019 16:11:41 UTC] PHP Parse error:  syntax error, unexpected ';', expecting ',' or ')' in /app/public/wp-content/themes/fictional-university-theme/functions.php on line 4
[05-Jun-2019 17:13:40 UTC] PHP Parse error:  syntax error, unexpected '-', expecting '(' in /app/public/wp-content/themes/fictional-university-theme/functions.php on line 13
[06-Jun-2019 00:29:02 UTC] PHP Parse error:  syntax error, unexpected 'add_theme_support' (T_STRING) in /app/public/wp-content/themes/fictional-university-theme/functions.php on line 15
[06-Jun-2019 00:59:30 UTC] PHP Fatal error:  Uncaught Error: Call to undefined function wp_get_post_partent_id() in /app/public/wp-content/themes/fictional-university-theme/header.php:19
Stack trace:
#0 /app/public/wp-includes/template.php(704): require_once()
#1 /app/public/wp-includes/template.php(653): load_template('/app/public/wp-...', true)
#2 /app/public/wp-includes/general-template.php(41): locate_template(Array, true)
#3 /app/public/wp-content/themes/fictional-university-theme/index.php(1): get_header()
#4 /app/public/wp-includes/template-loader.php(77): include('/app/public/wp-...')
#5 /app/public/wp-blog-header.php(19): require_once('/app/public/wp-...')
#6 /app/public/index.php(17): require('/app/public/wp-...')
#7 {main}
  thrown in /app/public/wp-content/themes/fictional-university-theme/header.php on line 19
[06-Jun-2019 00:59:36 UTC] PHP Fatal error:  Uncaught Error: Call to undefined function wp_get_post_partent_id() in /app/public/wp-content/themes/fictional-university-theme/header.php:19
Stack trace:
#0 /app/public/wp-includes/template.php(704): require_once()
#1 /app/public/wp-includes/template.php(653): load_template('/app/public/wp-...', true)
#2 /app/public/wp-includes/general-template.php(41): locate_template(Array, true)
#3 /app/public/wp-content/themes/fictional-university-theme/index.php(1): get_header()
#4 /app/public/wp-includes/template-loader.php(77): include('/app/public/wp-...')
#5 /app/public/wp-blog-header.php(19): require_once('/app/public/wp-...')
#6 /app/public/index.php(17): require('/app/public/wp-...')
#7 {main}
  thrown in /app/public/wp-content/themes/fictional-university-theme/header.php on line 19
[07-Jun-2019 20:02:30 UTC] PHP Parse error:  syntax error, unexpected 'title' (T_STRING) in /app/public/wp-content/themes/fictional-university-theme/front-page.php on line 49
[19-Jun-2019 17:40:27 UTC] PHP Parse error:  syntax error, unexpected '=', expecting ')' in /app/public/wp-content/themes/fictional-university-theme/front-page.php on line 21
[19-Jun-2019 17:40:53 UTC] PHP Warning:  Use of undefined constant the_title - assumed 'the_title' (this will throw an Error in a future version of PHP) in /app/public/wp-content/themes/fictional-university-theme/front-page.php on line 26
[19-Jun-2019 17:40:53 UTC] PHP Warning:  Use of undefined constant the_title - assumed 'the_title' (this will throw an Error in a future version of PHP) in /app/public/wp-content/themes/fictional-university-theme/front-page.php on line 26
[19-Jun-2019 17:51:40 UTC] PHP Parse error:  syntax error, unexpected ':' in /app/public/wp-content/themes/fictional-university-theme/single-event.php on line 24
[19-Jun-2019 17:58:04 UTC] PHP Parse error:  syntax error, unexpected ';', expecting ')' in /app/public/wp-content/mu-plugins/university-post-types.php on line 4
[19-Jun-2019 18:57:29 UTC] PHP Fatal error:  Uncaught Exception: DateTime::__construct(): Failed to parse time string (19/06/2019) at position 0 (1): Unexpected character in /app/public/wp-content/themes/fictional-university-theme/front-page.php:30
Stack trace:
#0 /app/public/wp-content/themes/fictional-university-theme/front-page.php(30): DateTime->__construct('19/06/2019')
#1 /app/public/wp-includes/template-loader.php(77): include('/app/public/wp-...')
#2 /app/public/wp-blog-header.php(19): require_once('/app/public/wp-...')
#3 /app/public/index.php(17): require('/app/public/wp-...')
#4 {main}
  thrown in /app/public/wp-content/themes/fictional-university-theme/front-page.php on line 30
[19-Jun-2019 18:58:25 UTC] PHP Fatal error:  Uncaught Exception: DateTime::__construct(): Failed to parse time string (19/06/2019) at position 0 (1): Unexpected character in /app/public/wp-content/themes/fictional-university-theme/front-page.php:30
Stack trace:
#0 /app/public/wp-content/themes/fictional-university-theme/front-page.php(30): DateTime->__construct('19/06/2019')
#1 /app/public/wp-includes/template-loader.php(77): include('/app/public/wp-...')
#2 /app/public/wp-blog-header.php(19): require_once('/app/public/wp-...')
#3 /app/public/index.php(17): require('/app/public/wp-...')
#4 {main}
  thrown in /app/public/wp-content/themes/fictional-university-theme/front-page.php on line 30
