[07-May-2019 15:04:39] NOTICE: fpm is running, pid 16
[07-May-2019 15:04:39] NOTICE: ready to handle connections
[07-May-2019 17:11:19] NOTICE: Terminating ...
[07-May-2019 17:11:19] NOTICE: exiting, bye-bye!
[05-Jun-2019 14:47:56] NOTICE: fpm is running, pid 57
[05-Jun-2019 14:47:56] NOTICE: ready to handle connections
[19-Jun-2019 14:27:28] NOTICE: fpm is running, pid 118
[19-Jun-2019 14:27:28] NOTICE: ready to handle connections
[20-Jun-2019 13:43:10] NOTICE: Terminating ...
[20-Jun-2019 13:43:10] NOTICE: exiting, bye-bye!
[23-Jun-2019 14:40:32] NOTICE: fpm is running, pid 64
[23-Jun-2019 14:40:32] NOTICE: ready to handle connections
[23-Jun-2019 20:52:07] NOTICE: Terminating ...
[23-Jun-2019 20:52:07] NOTICE: exiting, bye-bye!
[10-Jul-2019 13:23:03] NOTICE: fpm is running, pid 88
[10-Jul-2019 13:23:03] NOTICE: ready to handle connections
[10-Jul-2019 18:31:29] NOTICE: Terminating ...
[10-Jul-2019 18:31:29] NOTICE: exiting, bye-bye!
[16-Sep-2019 20:46:02] NOTICE: fpm is running, pid 69
[16-Sep-2019 20:46:02] NOTICE: ready to handle connections
