2019-05-07T15:04:40.248503Z 0 [Warning] TIMESTAMP with implicit DEFAULT value is deprecated. Please use --explicit_defaults_for_timestamp server option (see documentation for more details).
2019-05-07T15:04:40.248939Z 0 [Note] /usr/sbin/mysqld (mysqld 5.7.23) starting as process 33 ...
2019-05-07T15:04:40.264292Z 0 [Note] InnoDB: PUNCH HOLE support available
2019-05-07T15:04:40.265387Z 0 [Note] InnoDB: Mutexes and rw_locks use GCC atomic builtins
2019-05-07T15:04:40.266320Z 0 [Note] InnoDB: Uses event mutexes
2019-05-07T15:04:40.266928Z 0 [Note] InnoDB: GCC builtin __atomic_thread_fence() is used for memory barrier
2019-05-07T15:04:40.267551Z 0 [Note] InnoDB: Compressed tables use zlib 1.2.3
2019-05-07T15:04:40.268212Z 0 [Note] InnoDB: Using Linux native AIO
2019-05-07T15:04:40.269644Z 0 [Note] InnoDB: Number of pools: 1
2019-05-07T15:04:40.270514Z 0 [Note] InnoDB: Using CPU crc32 instructions
2019-05-07T15:04:40.277069Z 0 [Note] InnoDB: Initializing buffer pool, total size = 32M, instances = 1, chunk size = 32M
2019-05-07T15:04:40.288911Z 0 [Note] InnoDB: Completed initialization of buffer pool
2019-05-07T15:04:40.297912Z 0 [Note] InnoDB: If the mysqld execution user is authorized, page cleaner thread priority can be changed. See the man page of setpriority().
2019-05-07T15:04:40.302963Z 0 [Note] InnoDB: Highest supported file format is Barracuda.
2019-05-07T15:04:40.304396Z 0 [Note] InnoDB: Log scan progressed past the checkpoint lsn 2588963
2019-05-07T15:04:40.304673Z 0 [Note] InnoDB: Doing recovery: scanned up to log sequence number 2591784
2019-05-07T15:04:40.306370Z 0 [Note] InnoDB: Database was not shutdown normally!
2019-05-07T15:04:40.306657Z 0 [Note] InnoDB: Starting crash recovery.
2019-05-07T15:04:40.414593Z 0 [Note] InnoDB: Starting an apply batch of log records to the database...
InnoDB: Progress in percent: 27 28 29 30 31 32 33 34 35 36 37 38 39 40 41 42 43 44 45 46 47 48 49 50 51 52 53 54 55 56 57 58 59 60 61 62 63 64 65 66 67 68 69 70 71 72 73 74 75 76 77 78 79 80 81 82 83 84 85 86 87 88 89 90 91 92 93 94 95 96 97 98 99 
2019-05-07T15:04:40.975791Z 0 [Note] InnoDB: Apply batch completed
2019-05-07T15:04:41.078797Z 0 [Note] InnoDB: Removed temporary tablespace data file: "ibtmp1"
2019-05-07T15:04:41.079181Z 0 [Note] InnoDB: Creating shared tablespace for temporary tables
2019-05-07T15:04:41.079378Z 0 [Note] InnoDB: Setting file './ibtmp1' size to 12 MB. Physically writing the file full; Please wait ...
2019-05-07T15:04:41.108039Z 0 [Note] InnoDB: File './ibtmp1' size is now 12 MB.
2019-05-07T15:04:41.109075Z 0 [Note] InnoDB: 96 redo rollback segment(s) found. 96 redo rollback segment(s) are active.
2019-05-07T15:04:41.109446Z 0 [Note] InnoDB: 32 non-redo rollback segment(s) are active.
2019-05-07T15:04:41.110797Z 0 [Note] InnoDB: Waiting for purge to start
2019-05-07T15:04:41.161507Z 0 [Note] InnoDB: 5.7.23 started; log sequence number 2591784
2019-05-07T15:04:41.162383Z 0 [Note] Plugin 'FEDERATED' is disabled.
2019-05-07T15:04:41.165776Z 0 [Warning] Failed to set up SSL because of the following SSL library error: SSL context is not usable without certificate and private key
2019-05-07T15:04:41.166075Z 0 [Note] Server hostname (bind-address): '*'; port: 3306
2019-05-07T15:04:41.165887Z 0 [Note] InnoDB: Loading buffer pool(s) from /var/lib/mysql/ib_buffer_pool
2019-05-07T15:04:41.167348Z 0 [Note] IPv6 is available.
2019-05-07T15:04:41.168279Z 0 [Note]   - '::' resolves to '::';
2019-05-07T15:04:41.169008Z 0 [Note] Server socket created on IP: '::'.
2019-05-07T15:04:41.168434Z 0 [Note] InnoDB: Buffer pool(s) load completed at 190507 15:04:41
2019-05-07T15:04:41.171034Z 0 [Warning] Insecure configuration for --pid-file: Location '/var/run/mysqld' in the path is accessible to all OS users. Consider choosing a different directory.
2019-05-07T15:04:41.172928Z 0 [ERROR] /usr/sbin/mysqld: Table './mysql/user' is marked as crashed and should be repaired
2019-05-07T15:04:41.174011Z 0 [Warning] Checking table:   './mysql/user'
2019-05-07T15:04:41.174830Z 0 [ERROR] 1 client is using or hasn't closed the table properly
2019-05-07T15:04:41.176335Z 0 [Warning] 'user' entry 'root@localhost' ignored in --skip-name-resolve mode.
2019-05-07T15:04:41.176858Z 0 [Warning] 'user' entry 'mysql.session@localhost' ignored in --skip-name-resolve mode.
2019-05-07T15:04:41.177596Z 0 [Warning] 'user' entry 'mysql.sys@localhost' ignored in --skip-name-resolve mode.
2019-05-07T15:04:41.177800Z 0 [Warning] 'db' entry 'performance_schema mysql.session@localhost' ignored in --skip-name-resolve mode.
2019-05-07T15:04:41.178001Z 0 [Warning] 'db' entry 'sys mysql.sys@localhost' ignored in --skip-name-resolve mode.
2019-05-07T15:04:41.178734Z 0 [Warning] 'proxies_priv' entry '@ root@localhost' ignored in --skip-name-resolve mode.
2019-05-07T15:04:41.180812Z 0 [Warning] 'tables_priv' entry 'user mysql.session@localhost' ignored in --skip-name-resolve mode.
2019-05-07T15:04:41.181660Z 0 [Warning] 'tables_priv' entry 'sys_config mysql.sys@localhost' ignored in --skip-name-resolve mode.
2019-05-07T15:04:41.192569Z 0 [Note] Event Scheduler: Loaded 0 events
2019-05-07T15:04:41.198433Z 0 [Note] /usr/sbin/mysqld: ready for connections.
Version: '5.7.23'  socket: '/var/run/mysqld/mysqld.sock'  port: 3306  MySQL Community Server (GPL)
2019-05-07T15:05:39.293241Z 4 [ERROR] /usr/sbin/mysqld: Table './mysql/proc' is marked as crashed and should be repaired
2019-05-07T15:05:39.293635Z 4 [Warning] Checking table:   './mysql/proc'
2019-05-07T15:05:39.305149Z 6 [Warning] 'user' entry 'root@localhost' ignored in --skip-name-resolve mode.
2019-05-07T15:05:39.305344Z 6 [Warning] 'user' entry 'mysql.session@localhost' ignored in --skip-name-resolve mode.
2019-05-07T15:05:39.305500Z 6 [Warning] 'user' entry 'mysql.sys@localhost' ignored in --skip-name-resolve mode.
2019-05-07T15:05:39.305667Z 6 [Warning] 'db' entry 'performance_schema mysql.session@localhost' ignored in --skip-name-resolve mode.
2019-05-07T15:05:39.305817Z 6 [Warning] 'db' entry 'sys mysql.sys@localhost' ignored in --skip-name-resolve mode.
2019-05-07T15:05:39.305934Z 6 [Warning] 'proxies_priv' entry '@ root@localhost' ignored in --skip-name-resolve mode.
2019-05-07T15:05:39.306210Z 6 [Warning] 'tables_priv' entry 'user mysql.session@localhost' ignored in --skip-name-resolve mode.
2019-05-07T15:05:39.306359Z 6 [Warning] 'tables_priv' entry 'sys_config mysql.sys@localhost' ignored in --skip-name-resolve mode.
2019-05-07T16:26:44.644841Z 0 [Note] InnoDB: page_cleaner: 1000ms intended loop took 5173ms. The settings might not be optimal. (flushed=0 and evicted=0, during the time.)
2019-05-07T17:09:23.212215Z 0 [Note] InnoDB: page_cleaner: 1000ms intended loop took 1794138ms. The settings might not be optimal. (flushed=0 and evicted=0, during the time.)
2019-05-07T17:11:19.926163Z 0 [Note] Giving 0 client threads a chance to die gracefully
2019-05-07T17:11:19.941879Z 0 [Note] Shutting down slave threads
2019-05-07T17:11:19.942031Z 0 [Note] Forcefully disconnecting 0 remaining clients
2019-05-07T17:11:19.942257Z 0 [Note] Event Scheduler: Purging the queue. 0 events
2019-05-07T17:11:19.968840Z 0 [Note] Binlog end
2019-05-07T17:11:19.975816Z 0 [Note] Shutting down plugin 'ngram'
2019-05-07T17:11:19.977797Z 0 [Note] Shutting down plugin 'partition'
2019-05-07T17:11:19.978013Z 0 [Note] Shutting down plugin 'BLACKHOLE'
2019-05-07T17:11:19.978494Z 0 [Note] Shutting down plugin 'ARCHIVE'
2019-05-07T17:11:19.979091Z 0 [Note] Shutting down plugin 'PERFORMANCE_SCHEMA'
2019-05-07T17:11:20.026005Z 0 [Note] Shutting down plugin 'MRG_MYISAM'
2019-05-07T17:11:20.026456Z 0 [Note] Shutting down plugin 'MyISAM'
2019-05-07T17:11:20.083035Z 0 [Note] Shutting down plugin 'INNODB_SYS_VIRTUAL'
2019-05-07T17:11:20.084078Z 0 [Note] Shutting down plugin 'INNODB_SYS_DATAFILES'
2019-05-07T17:11:20.084713Z 0 [Note] Shutting down plugin 'INNODB_SYS_TABLESPACES'
2019-05-07T17:11:20.084978Z 0 [Note] Shutting down plugin 'INNODB_SYS_FOREIGN_COLS'
2019-05-07T17:11:20.086986Z 0 [Note] Shutting down plugin 'INNODB_SYS_FOREIGN'
2019-05-07T17:11:20.088301Z 0 [Note] Shutting down plugin 'INNODB_SYS_FIELDS'
2019-05-07T17:11:20.089132Z 0 [Note] Shutting down plugin 'INNODB_SYS_COLUMNS'
2019-05-07T17:11:20.090002Z 0 [Note] Shutting down plugin 'INNODB_SYS_INDEXES'
2019-05-07T17:11:20.090796Z 0 [Note] Shutting down plugin 'INNODB_SYS_TABLESTATS'
2019-05-07T17:11:20.091275Z 0 [Note] Shutting down plugin 'INNODB_SYS_TABLES'
2019-05-07T17:11:20.091687Z 0 [Note] Shutting down plugin 'INNODB_FT_INDEX_TABLE'
2019-05-07T17:11:20.092181Z 0 [Note] Shutting down plugin 'INNODB_FT_INDEX_CACHE'
2019-05-07T17:11:20.092811Z 0 [Note] Shutting down plugin 'INNODB_FT_CONFIG'
2019-05-07T17:11:20.093176Z 0 [Note] Shutting down plugin 'INNODB_FT_BEING_DELETED'
2019-05-07T17:11:20.093615Z 0 [Note] Shutting down plugin 'INNODB_FT_DELETED'
2019-05-07T17:11:20.094602Z 0 [Note] Shutting down plugin 'INNODB_FT_DEFAULT_STOPWORD'
2019-05-07T17:11:20.115920Z 0 [Note] Shutting down plugin 'INNODB_METRICS'
2019-05-07T17:11:20.116382Z 0 [Note] Shutting down plugin 'INNODB_TEMP_TABLE_INFO'
2019-05-07T17:11:20.116541Z 0 [Note] Shutting down plugin 'INNODB_BUFFER_POOL_STATS'
2019-05-07T17:11:20.116803Z 0 [Note] Shutting down plugin 'INNODB_BUFFER_PAGE_LRU'
2019-05-07T17:11:20.117147Z 0 [Note] Shutting down plugin 'INNODB_BUFFER_PAGE'
2019-05-07T17:11:20.117479Z 0 [Note] Shutting down plugin 'INNODB_CMP_PER_INDEX_RESET'
2019-05-07T17:11:20.117636Z 0 [Note] Shutting down plugin 'INNODB_CMP_PER_INDEX'
2019-05-07T17:11:20.117924Z 0 [Note] Shutting down plugin 'INNODB_CMPMEM_RESET'
2019-05-07T17:11:20.118193Z 0 [Note] Shutting down plugin 'INNODB_CMPMEM'
2019-05-07T17:11:20.119314Z 0 [Note] Shutting down plugin 'INNODB_CMP_RESET'
2019-05-07T17:11:20.119482Z 0 [Note] Shutting down plugin 'INNODB_CMP'
2019-05-07T17:11:20.119689Z 0 [Note] Shutting down plugin 'INNODB_LOCK_WAITS'
2019-05-07T17:11:20.120024Z 0 [Note] Shutting down plugin 'INNODB_LOCKS'
2019-05-07T17:11:20.120239Z 0 [Note] Shutting down plugin 'INNODB_TRX'
2019-05-07T17:11:20.120427Z 0 [Note] Shutting down plugin 'InnoDB'
2019-05-07T17:11:20.121400Z 0 [Note] InnoDB: FTS optimize thread exiting.
2019-05-07T17:11:20.122035Z 0 [Note] InnoDB: Starting shutdown...
2019-05-07T17:11:20.222821Z 0 [Note] InnoDB: Dumping buffer pool(s) to /var/lib/mysql/ib_buffer_pool
2019-05-07T17:11:20.305141Z 0 [Note] InnoDB: Buffer pool(s) dump completed at 190507 17:11:20
2019-06-05T14:47:57.013308Z 0 [Warning] TIMESTAMP with implicit DEFAULT value is deprecated. Please use --explicit_defaults_for_timestamp server option (see documentation for more details).
2019-06-05T14:47:57.048918Z 0 [Note] /usr/sbin/mysqld (mysqld 5.7.23) starting as process 75 ...
2019-06-05T14:47:57.211721Z 0 [Note] InnoDB: PUNCH HOLE support available
2019-06-05T14:47:57.212220Z 0 [Note] InnoDB: Mutexes and rw_locks use GCC atomic builtins
2019-06-05T14:47:57.213191Z 0 [Note] InnoDB: Uses event mutexes
2019-06-05T14:47:57.214167Z 0 [Note] InnoDB: GCC builtin __atomic_thread_fence() is used for memory barrier
2019-06-05T14:47:57.215141Z 0 [Note] InnoDB: Compressed tables use zlib 1.2.3
2019-06-05T14:47:57.215695Z 0 [Note] InnoDB: Using Linux native AIO
2019-06-05T14:47:57.218948Z 0 [Note] InnoDB: Number of pools: 1
2019-06-05T14:47:57.253053Z 0 [Note] InnoDB: Using CPU crc32 instructions
2019-06-05T14:47:57.268118Z 0 [Note] InnoDB: Initializing buffer pool, total size = 32M, instances = 1, chunk size = 32M
2019-06-05T14:47:57.274221Z 0 [Note] InnoDB: Completed initialization of buffer pool
2019-06-05T14:47:57.286555Z 0 [Note] InnoDB: If the mysqld execution user is authorized, page cleaner thread priority can be changed. See the man page of setpriority().
2019-06-05T14:47:57.359586Z 0 [Note] InnoDB: Highest supported file format is Barracuda.
2019-06-05T14:47:57.626774Z 0 [Note] InnoDB: Removed temporary tablespace data file: "ibtmp1"
2019-06-05T14:47:57.627059Z 0 [Note] InnoDB: Creating shared tablespace for temporary tables
2019-06-05T14:47:57.627783Z 0 [Note] InnoDB: Setting file './ibtmp1' size to 12 MB. Physically writing the file full; Please wait ...
2019-06-05T14:47:57.733580Z 0 [Note] InnoDB: File './ibtmp1' size is now 12 MB.
2019-06-05T14:47:57.734281Z 0 [Note] InnoDB: 96 redo rollback segment(s) found. 96 redo rollback segment(s) are active.
2019-06-05T14:47:57.734673Z 0 [Note] InnoDB: 32 non-redo rollback segment(s) are active.
2019-06-05T14:47:57.738356Z 0 [Note] InnoDB: Waiting for purge to start
2019-06-05T14:47:57.795647Z 0 [Note] InnoDB: 5.7.23 started; log sequence number 4011926
2019-06-05T14:47:57.801491Z 0 [Note] Plugin 'FEDERATED' is disabled.
2019-06-05T14:47:57.802678Z 0 [Note] InnoDB: Loading buffer pool(s) from /var/lib/mysql/ib_buffer_pool
2019-06-05T14:47:57.940313Z 0 [Note] InnoDB: Buffer pool(s) load completed at 190605 14:47:57
2019-06-05T14:47:58.004737Z 0 [Warning] Failed to set up SSL because of the following SSL library error: SSL context is not usable without certificate and private key
2019-06-05T14:47:58.004862Z 0 [Note] Server hostname (bind-address): '*'; port: 3306
2019-06-05T14:47:58.005582Z 0 [Note] IPv6 is available.
2019-06-05T14:47:58.005889Z 0 [Note]   - '::' resolves to '::';
2019-06-05T14:47:58.006381Z 0 [Note] Server socket created on IP: '::'.
2019-06-05T14:47:58.028864Z 0 [Warning] Insecure configuration for --pid-file: Location '/var/run/mysqld' in the path is accessible to all OS users. Consider choosing a different directory.
2019-06-05T14:47:58.133900Z 0 [Warning] 'user' entry 'root@localhost' ignored in --skip-name-resolve mode.
2019-06-05T14:47:58.134467Z 0 [Warning] 'user' entry 'mysql.session@localhost' ignored in --skip-name-resolve mode.
2019-06-05T14:47:58.134672Z 0 [Warning] 'user' entry 'mysql.sys@localhost' ignored in --skip-name-resolve mode.
2019-06-05T14:47:58.139590Z 0 [Warning] 'db' entry 'performance_schema mysql.session@localhost' ignored in --skip-name-resolve mode.
2019-06-05T14:47:58.139819Z 0 [Warning] 'db' entry 'sys mysql.sys@localhost' ignored in --skip-name-resolve mode.
2019-06-05T14:47:58.141405Z 0 [Warning] 'proxies_priv' entry '@ root@localhost' ignored in --skip-name-resolve mode.
2019-06-05T14:47:58.349996Z 0 [Warning] 'tables_priv' entry 'user mysql.session@localhost' ignored in --skip-name-resolve mode.
2019-06-05T14:47:58.350230Z 0 [Warning] 'tables_priv' entry 'sys_config mysql.sys@localhost' ignored in --skip-name-resolve mode.
2019-06-05T14:47:59.436115Z 0 [Note] Event Scheduler: Loaded 0 events
2019-06-05T14:47:59.436424Z 0 [Note] /usr/sbin/mysqld: ready for connections.
Version: '5.7.23'  socket: '/var/run/mysqld/mysqld.sock'  port: 3306  MySQL Community Server (GPL)
2019-06-05T17:59:02.747389Z 0 [Note] InnoDB: page_cleaner: 1000ms intended loop took 32206ms. The settings might not be optimal. (flushed=0 and evicted=0, during the time.)
2019-06-06T00:05:28.814160Z 0 [Note] InnoDB: page_cleaner: 1000ms intended loop took 15974920ms. The settings might not be optimal. (flushed=0 and evicted=0, during the time.)
2019-06-07T14:45:35.695206Z 0 [Note] InnoDB: page_cleaner: 1000ms intended loop took 134867233ms. The settings might not be optimal. (flushed=0 and evicted=0, during the time.)
2019-06-07T17:08:31.530266Z 0 [Note] InnoDB: page_cleaner: 1000ms intended loop took 1315794ms. The settings might not be optimal. (flushed=0 and evicted=0, during the time.)
2019-06-07T19:42:57.284307Z 0 [Note] InnoDB: page_cleaner: 1000ms intended loop took 4865703ms. The settings might not be optimal. (flushed=0 and evicted=0, during the time.)
2019-06-07T21:14:02.694331Z 0 [Note] InnoDB: page_cleaner: 1000ms intended loop took 2685785ms. The settings might not be optimal. (flushed=0 and evicted=0, during the time.)
2019-06-09T17:40:28.718160Z 0 [Note] InnoDB: page_cleaner: 1000ms intended loop took 151165677ms. The settings might not be optimal. (flushed=0 and evicted=0, during the time.)
2019-06-12T03:59:50.233159Z 0 [Note] InnoDB: page_cleaner: 1000ms intended loop took 206074627ms. The settings might not be optimal. (flushed=0 and evicted=0, during the time.)
2019-06-12T17:22:24.203141Z 0 [Note] InnoDB: page_cleaner: 1000ms intended loop took 47374907ms. The settings might not be optimal. (flushed=0 and evicted=0, during the time.)
2019-06-12T17:59:39.752761Z 0 [Note] InnoDB: page_cleaner: 1000ms intended loop took 272058ms. The settings might not be optimal. (flushed=0 and evicted=0, during the time.)
2019-06-12T20:37:15.771226Z 0 [Note] InnoDB: page_cleaner: 1000ms intended loop took 7034531ms. The settings might not be optimal. (flushed=0 and evicted=0, during the time.)
2019-06-13T14:34:31.455145Z 0 [Note] InnoDB: page_cleaner: 1000ms intended loop took 64606394ms. The settings might not be optimal. (flushed=0 and evicted=0, during the time.)
2019-06-19T14:27:29.106859Z 0 [Warning] TIMESTAMP with implicit DEFAULT value is deprecated. Please use --explicit_defaults_for_timestamp server option (see documentation for more details).
2019-06-19T14:27:29.204203Z 0 [Note] /usr/sbin/mysqld (mysqld 5.7.23) starting as process 128 ...
2019-06-19T14:27:29.507323Z 0 [Note] InnoDB: PUNCH HOLE support available
2019-06-19T14:27:29.507661Z 0 [Note] InnoDB: Mutexes and rw_locks use GCC atomic builtins
2019-06-19T14:27:29.508647Z 0 [Note] InnoDB: Uses event mutexes
2019-06-19T14:27:29.509619Z 0 [Note] InnoDB: GCC builtin __atomic_thread_fence() is used for memory barrier
2019-06-19T14:27:29.510590Z 0 [Note] InnoDB: Compressed tables use zlib 1.2.3
2019-06-19T14:27:29.511249Z 0 [Note] InnoDB: Using Linux native AIO
2019-06-19T14:27:29.514845Z 0 [Note] InnoDB: Number of pools: 1
2019-06-19T14:27:29.565847Z 0 [Note] InnoDB: Using CPU crc32 instructions
2019-06-19T14:27:29.589338Z 0 [Note] InnoDB: Initializing buffer pool, total size = 32M, instances = 1, chunk size = 32M
2019-06-19T14:27:29.595443Z 0 [Note] InnoDB: Completed initialization of buffer pool
2019-06-19T14:27:29.605970Z 0 [Note] InnoDB: If the mysqld execution user is authorized, page cleaner thread priority can be changed. See the man page of setpriority().
2019-06-19T14:27:30.293739Z 0 [Note] InnoDB: Highest supported file format is Barracuda.
2019-06-19T14:27:30.397074Z 0 [Note] InnoDB: Log scan progressed past the checkpoint lsn 5835491
2019-06-19T14:27:30.397297Z 0 [Note] InnoDB: Doing recovery: scanned up to log sequence number 5835500
2019-06-19T14:27:30.397359Z 0 [Note] InnoDB: Database was not shutdown normally!
2019-06-19T14:27:30.397563Z 0 [Note] InnoDB: Starting crash recovery.
2019-06-19T14:27:32.812472Z 0 [Note] InnoDB: Removed temporary tablespace data file: "ibtmp1"
2019-06-19T14:27:32.812654Z 0 [Note] InnoDB: Creating shared tablespace for temporary tables
2019-06-19T14:27:32.812840Z 0 [Note] InnoDB: Setting file './ibtmp1' size to 12 MB. Physically writing the file full; Please wait ...
2019-06-19T14:27:32.913925Z 0 [Note] InnoDB: File './ibtmp1' size is now 12 MB.
2019-06-19T14:27:32.914919Z 0 [Note] InnoDB: 96 redo rollback segment(s) found. 96 redo rollback segment(s) are active.
2019-06-19T14:27:32.915168Z 0 [Note] InnoDB: 32 non-redo rollback segment(s) are active.
2019-06-19T14:27:32.922807Z 0 [Note] InnoDB: 5.7.23 started; log sequence number 5835500
2019-06-19T14:27:32.926590Z 0 [Note] InnoDB: Loading buffer pool(s) from /var/lib/mysql/ib_buffer_pool
2019-06-19T14:27:32.976671Z 0 [Note] Plugin 'FEDERATED' is disabled.
2019-06-19T14:27:33.179426Z 0 [Note] InnoDB: Buffer pool(s) load completed at 190619 14:27:33
2019-06-19T14:27:33.276714Z 0 [Warning] Failed to set up SSL because of the following SSL library error: SSL context is not usable without certificate and private key
2019-06-19T14:27:33.276915Z 0 [Note] Server hostname (bind-address): '*'; port: 3306
2019-06-19T14:27:33.305683Z 0 [Note] IPv6 is available.
2019-06-19T14:27:33.306070Z 0 [Note]   - '::' resolves to '::';
2019-06-19T14:27:33.306218Z 0 [Note] Server socket created on IP: '::'.
2019-06-19T14:27:33.345712Z 0 [Warning] 'user' entry 'root@localhost' ignored in --skip-name-resolve mode.
2019-06-19T14:27:33.347221Z 0 [Warning] 'user' entry 'mysql.session@localhost' ignored in --skip-name-resolve mode.
2019-06-19T14:27:33.347670Z 0 [Warning] 'user' entry 'mysql.sys@localhost' ignored in --skip-name-resolve mode.
2019-06-19T14:27:33.349735Z 0 [Warning] 'db' entry 'performance_schema mysql.session@localhost' ignored in --skip-name-resolve mode.
2019-06-19T14:27:33.350617Z 0 [Warning] 'db' entry 'sys mysql.sys@localhost' ignored in --skip-name-resolve mode.
2019-06-19T14:27:33.352180Z 0 [Warning] 'proxies_priv' entry '@ root@localhost' ignored in --skip-name-resolve mode.
2019-06-19T14:27:33.449833Z 0 [Warning] 'tables_priv' entry 'user mysql.session@localhost' ignored in --skip-name-resolve mode.
2019-06-19T14:27:33.450685Z 0 [Warning] 'tables_priv' entry 'sys_config mysql.sys@localhost' ignored in --skip-name-resolve mode.
2019-06-19T14:27:34.060872Z 0 [Note] Event Scheduler: Loaded 0 events
2019-06-19T14:27:34.065868Z 0 [Note] /usr/sbin/mysqld: ready for connections.
Version: '5.7.23'  socket: '/var/run/mysqld/mysqld.sock'  port: 3306  MySQL Community Server (GPL)
2019-06-19T17:56:59.803572Z 0 [Note] InnoDB: page_cleaner: 1000ms intended loop took 244744ms. The settings might not be optimal. (flushed=0 and evicted=0, during the time.)
2019-06-20T13:36:01.234358Z 0 [Note] InnoDB: page_cleaner: 1000ms intended loop took 65683509ms. The settings might not be optimal. (flushed=0 and evicted=0, during the time.)
2019-06-20T13:43:09.257787Z 0 [Note] Giving 0 client threads a chance to die gracefully
2019-06-20T13:43:09.257988Z 0 [Note] Shutting down slave threads
2019-06-20T13:43:09.258115Z 0 [Note] Forcefully disconnecting 0 remaining clients
2019-06-20T13:43:09.258269Z 0 [Note] Event Scheduler: Purging the queue. 0 events
2019-06-20T13:43:09.277181Z 0 [Note] Binlog end
2019-06-20T13:43:09.278335Z 0 [Note] Shutting down plugin 'ngram'
2019-06-20T13:43:09.278486Z 0 [Note] Shutting down plugin 'partition'
2019-06-20T13:43:09.278595Z 0 [Note] Shutting down plugin 'BLACKHOLE'
2019-06-20T13:43:09.278731Z 0 [Note] Shutting down plugin 'ARCHIVE'
2019-06-20T13:43:09.278867Z 0 [Note] Shutting down plugin 'PERFORMANCE_SCHEMA'
2019-06-20T13:43:09.279020Z 0 [Note] Shutting down plugin 'MRG_MYISAM'
2019-06-20T13:43:09.279159Z 0 [Note] Shutting down plugin 'MyISAM'
2019-06-20T13:43:09.279298Z 0 [Note] Shutting down plugin 'INNODB_SYS_VIRTUAL'
2019-06-20T13:43:09.279437Z 0 [Note] Shutting down plugin 'INNODB_SYS_DATAFILES'
2019-06-20T13:43:09.279621Z 0 [Note] Shutting down plugin 'INNODB_SYS_TABLESPACES'
2019-06-20T13:43:09.279809Z 0 [Note] Shutting down plugin 'INNODB_SYS_FOREIGN_COLS'
2019-06-20T13:43:09.279975Z 0 [Note] Shutting down plugin 'INNODB_SYS_FOREIGN'
2019-06-20T13:43:09.280197Z 0 [Note] Shutting down plugin 'INNODB_SYS_FIELDS'
2019-06-20T13:43:09.280443Z 0 [Note] Shutting down plugin 'INNODB_SYS_COLUMNS'
2019-06-20T13:43:09.280552Z 0 [Note] Shutting down plugin 'INNODB_SYS_INDEXES'
2019-06-20T13:43:09.280756Z 0 [Note] Shutting down plugin 'INNODB_SYS_TABLESTATS'
2019-06-20T13:43:09.280946Z 0 [Note] Shutting down plugin 'INNODB_SYS_TABLES'
2019-06-20T13:43:09.281124Z 0 [Note] Shutting down plugin 'INNODB_FT_INDEX_TABLE'
2019-06-20T13:43:09.281235Z 0 [Note] Shutting down plugin 'INNODB_FT_INDEX_CACHE'
2019-06-20T13:43:09.281362Z 0 [Note] Shutting down plugin 'INNODB_FT_CONFIG'
2019-06-20T13:43:09.281512Z 0 [Note] Shutting down plugin 'INNODB_FT_BEING_DELETED'
2019-06-20T13:43:09.281599Z 0 [Note] Shutting down plugin 'INNODB_FT_DELETED'
2019-06-20T13:43:09.281687Z 0 [Note] Shutting down plugin 'INNODB_FT_DEFAULT_STOPWORD'
2019-06-20T13:43:09.281807Z 0 [Note] Shutting down plugin 'INNODB_METRICS'
2019-06-20T13:43:09.281892Z 0 [Note] Shutting down plugin 'INNODB_TEMP_TABLE_INFO'
2019-06-20T13:43:09.281977Z 0 [Note] Shutting down plugin 'INNODB_BUFFER_POOL_STATS'
2019-06-20T13:43:09.282068Z 0 [Note] Shutting down plugin 'INNODB_BUFFER_PAGE_LRU'
2019-06-20T13:43:09.282171Z 0 [Note] Shutting down plugin 'INNODB_BUFFER_PAGE'
2019-06-20T13:43:09.282292Z 0 [Note] Shutting down plugin 'INNODB_CMP_PER_INDEX_RESET'
2019-06-20T13:43:09.282371Z 0 [Note] Shutting down plugin 'INNODB_CMP_PER_INDEX'
2019-06-20T13:43:09.282465Z 0 [Note] Shutting down plugin 'INNODB_CMPMEM_RESET'
2019-06-20T13:43:09.282533Z 0 [Note] Shutting down plugin 'INNODB_CMPMEM'
2019-06-20T13:43:09.282615Z 0 [Note] Shutting down plugin 'INNODB_CMP_RESET'
2019-06-20T13:43:09.282771Z 0 [Note] Shutting down plugin 'INNODB_CMP'
2019-06-20T13:43:09.282824Z 0 [Note] Shutting down plugin 'INNODB_LOCK_WAITS'
2019-06-20T13:43:09.282989Z 0 [Note] Shutting down plugin 'INNODB_LOCKS'
2019-06-20T13:43:09.283107Z 0 [Note] Shutting down plugin 'INNODB_TRX'
2019-06-20T13:43:09.283228Z 0 [Note] Shutting down plugin 'InnoDB'
2019-06-20T13:43:09.283586Z 0 [Note] InnoDB: FTS optimize thread exiting.
2019-06-20T13:43:09.283874Z 0 [Note] InnoDB: Starting shutdown...
2019-06-20T13:43:09.384698Z 0 [Note] InnoDB: Dumping buffer pool(s) to /var/lib/mysql/ib_buffer_pool
2019-06-20T13:43:09.385638Z 0 [Note] InnoDB: Buffer pool(s) dump completed at 190620 13:43:09
2019-06-20T13:43:11.069484Z 0 [Note] InnoDB: Shutdown completed; log sequence number 7298871
2019-06-20T13:43:11.071470Z 0 [Note] InnoDB: Removed temporary tablespace data file: "ibtmp1"
2019-06-20T13:43:11.071576Z 0 [Note] Shutting down plugin 'MEMORY'
2019-06-20T13:43:11.071672Z 0 [Note] Shutting down plugin 'CSV'
2019-06-20T13:43:11.071768Z 0 [Note] Shutting down plugin 'sha256_password'
2019-06-20T13:43:11.071862Z 0 [Note] Shutting down plugin 'mysql_native_password'
2019-06-20T13:43:11.072048Z 0 [Note] Shutting down plugin 'binlog'
2019-06-20T13:43:11.072467Z 0 [Note] /usr/sbin/mysqld: Shutdown complete

2019-06-23T14:40:32.524343Z 0 [Warning] TIMESTAMP with implicit DEFAULT value is deprecated. Please use --explicit_defaults_for_timestamp server option (see documentation for more details).
2019-06-23T14:40:32.573122Z 0 [Note] /usr/sbin/mysqld (mysqld 5.7.23) starting as process 72 ...
2019-06-23T14:40:32.776621Z 0 [Note] InnoDB: PUNCH HOLE support available
2019-06-23T14:40:32.776849Z 0 [Note] InnoDB: Mutexes and rw_locks use GCC atomic builtins
2019-06-23T14:40:32.777855Z 0 [Note] InnoDB: Uses event mutexes
2019-06-23T14:40:32.778841Z 0 [Note] InnoDB: GCC builtin __atomic_thread_fence() is used for memory barrier
2019-06-23T14:40:32.779406Z 0 [Note] InnoDB: Compressed tables use zlib 1.2.3
2019-06-23T14:40:32.779794Z 0 [Note] InnoDB: Using Linux native AIO
2019-06-23T14:40:32.793121Z 0 [Note] InnoDB: Number of pools: 1
2019-06-23T14:40:32.817960Z 0 [Note] InnoDB: Using CPU crc32 instructions
2019-06-23T14:40:32.823169Z 0 [Note] InnoDB: Initializing buffer pool, total size = 32M, instances = 1, chunk size = 32M
2019-06-23T14:40:32.833465Z 0 [Note] InnoDB: Completed initialization of buffer pool
2019-06-23T14:40:32.839581Z 0 [Note] InnoDB: If the mysqld execution user is authorized, page cleaner thread priority can be changed. See the man page of setpriority().
2019-06-23T14:40:32.910655Z 0 [Note] InnoDB: Highest supported file format is Barracuda.
2019-06-23T14:40:33.340476Z 0 [Note] InnoDB: Creating shared tablespace for temporary tables
2019-06-23T14:40:33.342154Z 0 [Note] InnoDB: Setting file './ibtmp1' size to 12 MB. Physically writing the file full; Please wait ...
2019-06-23T14:40:33.430504Z 0 [Note] InnoDB: File './ibtmp1' size is now 12 MB.
2019-06-23T14:40:33.431830Z 0 [Note] InnoDB: 96 redo rollback segment(s) found. 96 redo rollback segment(s) are active.
2019-06-23T14:40:33.432284Z 0 [Note] InnoDB: 32 non-redo rollback segment(s) are active.
2019-06-23T14:40:33.436146Z 0 [Note] InnoDB: Waiting for purge to start
2019-06-23T14:40:33.487471Z 0 [Note] InnoDB: 5.7.23 started; log sequence number 7298871
2019-06-23T14:40:33.499208Z 0 [Note] Plugin 'FEDERATED' is disabled.
2019-06-23T14:40:33.499316Z 0 [Note] InnoDB: Loading buffer pool(s) from /var/lib/mysql/ib_buffer_pool
2019-06-23T14:40:33.634246Z 0 [Warning] Failed to set up SSL because of the following SSL library error: SSL context is not usable without certificate and private key
2019-06-23T14:40:33.634448Z 0 [Note] Server hostname (bind-address): '*'; port: 3306
2019-06-23T14:40:33.644806Z 0 [Note] IPv6 is available.
2019-06-23T14:40:33.647499Z 0 [Note]   - '::' resolves to '::';
2019-06-23T14:40:33.647647Z 0 [Note] Server socket created on IP: '::'.
2019-06-23T14:40:33.772338Z 0 [Warning] 'user' entry 'root@localhost' ignored in --skip-name-resolve mode.
2019-06-23T14:40:33.772559Z 0 [Warning] 'user' entry 'mysql.session@localhost' ignored in --skip-name-resolve mode.
2019-06-23T14:40:33.772752Z 0 [Warning] 'user' entry 'mysql.sys@localhost' ignored in --skip-name-resolve mode.
2019-06-23T14:40:33.774740Z 0 [Warning] 'db' entry 'performance_schema mysql.session@localhost' ignored in --skip-name-resolve mode.
2019-06-23T14:40:33.774859Z 0 [Warning] 'db' entry 'sys mysql.sys@localhost' ignored in --skip-name-resolve mode.
2019-06-23T14:40:33.776371Z 0 [Warning] 'proxies_priv' entry '@ root@localhost' ignored in --skip-name-resolve mode.
2019-06-23T14:40:33.955848Z 0 [Warning] 'tables_priv' entry 'user mysql.session@localhost' ignored in --skip-name-resolve mode.
2019-06-23T14:40:33.956054Z 0 [Warning] 'tables_priv' entry 'sys_config mysql.sys@localhost' ignored in --skip-name-resolve mode.
2019-06-23T14:40:34.028127Z 0 [Note] InnoDB: Buffer pool(s) load completed at 190623 14:40:34
2019-06-23T14:40:34.394042Z 0 [Note] Event Scheduler: Loaded 0 events
2019-06-23T14:40:34.394349Z 0 [Note] /usr/sbin/mysqld: ready for connections.
Version: '5.7.23'  socket: '/var/run/mysqld/mysqld.sock'  port: 3306  MySQL Community Server (GPL)
2019-06-23T16:15:35.316891Z 0 [Note] InnoDB: page_cleaner: 1000ms intended loop took 49311ms. The settings might not be optimal. (flushed=0 and evicted=0, during the time.)
2019-06-23T19:52:38.544491Z 0 [Note] InnoDB: page_cleaner: 1000ms intended loop took 282228ms. The settings might not be optimal. (flushed=0 and evicted=0, during the time.)
2019-06-23T20:52:06.453383Z 0 [Note] Giving 0 client threads a chance to die gracefully
2019-06-23T20:52:06.453711Z 0 [Note] Shutting down slave threads
2019-06-23T20:52:06.453949Z 0 [Note] Forcefully disconnecting 0 remaining clients
2019-06-23T20:52:06.454402Z 0 [Note] Event Scheduler: Purging the queue. 0 events
2019-06-23T20:52:06.454769Z 0 [Note] Binlog end
2019-06-23T20:52:06.540281Z 0 [Note] Shutting down plugin 'ngram'
2019-06-23T20:52:06.541752Z 0 [Note] Shutting down plugin 'partition'
2019-06-23T20:52:06.541923Z 0 [Note] Shutting down plugin 'BLACKHOLE'
2019-06-23T20:52:06.542147Z 0 [Note] Shutting down plugin 'ARCHIVE'
2019-06-23T20:52:06.542377Z 0 [Note] Shutting down plugin 'PERFORMANCE_SCHEMA'
2019-06-23T20:52:06.543946Z 0 [Note] Shutting down plugin 'MRG_MYISAM'
2019-06-23T20:52:06.544048Z 0 [Note] Shutting down plugin 'MyISAM'
2019-06-23T20:52:06.544147Z 0 [Note] Shutting down plugin 'INNODB_SYS_VIRTUAL'
2019-06-23T20:52:06.544242Z 0 [Note] Shutting down plugin 'INNODB_SYS_DATAFILES'
2019-06-23T20:52:06.544337Z 0 [Note] Shutting down plugin 'INNODB_SYS_TABLESPACES'
2019-06-23T20:52:06.544429Z 0 [Note] Shutting down plugin 'INNODB_SYS_FOREIGN_COLS'
2019-06-23T20:52:06.544522Z 0 [Note] Shutting down plugin 'INNODB_SYS_FOREIGN'
2019-06-23T20:52:06.544613Z 0 [Note] Shutting down plugin 'INNODB_SYS_FIELDS'
2019-06-23T20:52:06.544734Z 0 [Note] Shutting down plugin 'INNODB_SYS_COLUMNS'
2019-06-23T20:52:06.544818Z 0 [Note] Shutting down plugin 'INNODB_SYS_INDEXES'
2019-06-23T20:52:06.544889Z 0 [Note] Shutting down plugin 'INNODB_SYS_TABLESTATS'
2019-06-23T20:52:06.545019Z 0 [Note] Shutting down plugin 'INNODB_SYS_TABLES'
2019-06-23T20:52:06.545111Z 0 [Note] Shutting down plugin 'INNODB_FT_INDEX_TABLE'
2019-06-23T20:52:06.545190Z 0 [Note] Shutting down plugin 'INNODB_FT_INDEX_CACHE'
2019-06-23T20:52:06.545236Z 0 [Note] Shutting down plugin 'INNODB_FT_CONFIG'
2019-06-23T20:52:06.545293Z 0 [Note] Shutting down plugin 'INNODB_FT_BEING_DELETED'
2019-06-23T20:52:06.545338Z 0 [Note] Shutting down plugin 'INNODB_FT_DELETED'
2019-06-23T20:52:06.545395Z 0 [Note] Shutting down plugin 'INNODB_FT_DEFAULT_STOPWORD'
2019-06-23T20:52:06.545440Z 0 [Note] Shutting down plugin 'INNODB_METRICS'
2019-06-23T20:52:06.545498Z 0 [Note] Shutting down plugin 'INNODB_TEMP_TABLE_INFO'
2019-06-23T20:52:06.545543Z 0 [Note] Shutting down plugin 'INNODB_BUFFER_POOL_STATS'
2019-06-23T20:52:06.545601Z 0 [Note] Shutting down plugin 'INNODB_BUFFER_PAGE_LRU'
2019-06-23T20:52:06.545648Z 0 [Note] Shutting down plugin 'INNODB_BUFFER_PAGE'
2019-06-23T20:52:06.545706Z 0 [Note] Shutting down plugin 'INNODB_CMP_PER_INDEX_RESET'
2019-06-23T20:52:06.545750Z 0 [Note] Shutting down plugin 'INNODB_CMP_PER_INDEX'
2019-06-23T20:52:06.545840Z 0 [Note] Shutting down plugin 'INNODB_CMPMEM_RESET'
2019-06-23T20:52:06.545887Z 0 [Note] Shutting down plugin 'INNODB_CMPMEM'
2019-06-23T20:52:06.545944Z 0 [Note] Shutting down plugin 'INNODB_CMP_RESET'
2019-06-23T20:52:06.545989Z 0 [Note] Shutting down plugin 'INNODB_CMP'
2019-06-23T20:52:06.546047Z 0 [Note] Shutting down plugin 'INNODB_LOCK_WAITS'
2019-06-23T20:52:06.546091Z 0 [Note] Shutting down plugin 'INNODB_LOCKS'
2019-06-23T20:52:06.546149Z 0 [Note] Shutting down plugin 'INNODB_TRX'
2019-06-23T20:52:06.546194Z 0 [Note] Shutting down plugin 'InnoDB'
2019-06-23T20:52:06.550545Z 0 [Note] InnoDB: FTS optimize thread exiting.
2019-06-23T20:52:06.574645Z 0 [Note] InnoDB: Starting shutdown...
2019-06-23T20:52:06.678394Z 0 [Note] InnoDB: Dumping buffer pool(s) to /var/lib/mysql/ib_buffer_pool
2019-06-23T20:52:06.703092Z 0 [Note] InnoDB: Buffer pool(s) dump completed at 190623 20:52:06
2019-06-23T20:52:07.813232Z 0 [Note] InnoDB: Shutdown completed; log sequence number 8361246
2019-06-23T20:52:07.814048Z 0 [Note] InnoDB: Removed temporary tablespace data file: "ibtmp1"
2019-06-23T20:52:07.814210Z 0 [Note] Shutting down plugin 'MEMORY'
2019-06-23T20:52:07.814360Z 0 [Note] Shutting down plugin 'CSV'
2019-06-23T20:52:07.814456Z 0 [Note] Shutting down plugin 'sha256_password'
2019-06-23T20:52:07.814601Z 0 [Note] Shutting down plugin 'mysql_native_password'
2019-06-23T20:52:07.814855Z 0 [Note] Shutting down plugin 'binlog'
2019-06-23T20:52:07.821561Z 0 [Note] /usr/sbin/mysqld: Shutdown complete

2019-07-10T13:23:03.323895Z 0 [Warning] TIMESTAMP with implicit DEFAULT value is deprecated. Please use --explicit_defaults_for_timestamp server option (see documentation for more details).
2019-07-10T13:23:03.380714Z 0 [Note] /usr/sbin/mysqld (mysqld 5.7.23) starting as process 98 ...
2019-07-10T13:23:03.582428Z 0 [Note] InnoDB: PUNCH HOLE support available
2019-07-10T13:23:03.582925Z 0 [Note] InnoDB: Mutexes and rw_locks use GCC atomic builtins
2019-07-10T13:23:03.583892Z 0 [Note] InnoDB: Uses event mutexes
2019-07-10T13:23:03.584857Z 0 [Note] InnoDB: GCC builtin __atomic_thread_fence() is used for memory barrier
2019-07-10T13:23:03.585850Z 0 [Note] InnoDB: Compressed tables use zlib 1.2.3
2019-07-10T13:23:03.586830Z 0 [Note] InnoDB: Using Linux native AIO
2019-07-10T13:23:03.592150Z 0 [Note] InnoDB: Number of pools: 1
2019-07-10T13:23:03.621044Z 0 [Note] InnoDB: Using CPU crc32 instructions
2019-07-10T13:23:03.626192Z 0 [Note] InnoDB: Initializing buffer pool, total size = 32M, instances = 1, chunk size = 32M
2019-07-10T13:23:03.631662Z 0 [Note] InnoDB: Completed initialization of buffer pool
2019-07-10T13:23:03.639762Z 0 [Note] InnoDB: If the mysqld execution user is authorized, page cleaner thread priority can be changed. See the man page of setpriority().
2019-07-10T13:23:03.707060Z 0 [Note] InnoDB: Highest supported file format is Barracuda.
2019-07-10T13:23:04.504882Z 0 [Note] InnoDB: Creating shared tablespace for temporary tables
2019-07-10T13:23:04.505212Z 0 [Note] InnoDB: Setting file './ibtmp1' size to 12 MB. Physically writing the file full; Please wait ...
2019-07-10T13:23:04.571688Z 0 [Note] InnoDB: File './ibtmp1' size is now 12 MB.
2019-07-10T13:23:04.578605Z 0 [Note] InnoDB: 96 redo rollback segment(s) found. 96 redo rollback segment(s) are active.
2019-07-10T13:23:04.578896Z 0 [Note] InnoDB: 32 non-redo rollback segment(s) are active.
2019-07-10T13:23:04.583978Z 0 [Note] InnoDB: Waiting for purge to start
2019-07-10T13:23:04.634483Z 0 [Note] InnoDB: 5.7.23 started; log sequence number 8361246
2019-07-10T13:23:04.637984Z 0 [Note] InnoDB: Loading buffer pool(s) from /var/lib/mysql/ib_buffer_pool
2019-07-10T13:23:04.645041Z 0 [Note] Plugin 'FEDERATED' is disabled.
2019-07-10T13:23:04.849230Z 0 [Warning] Failed to set up SSL because of the following SSL library error: SSL context is not usable without certificate and private key
2019-07-10T13:23:04.849406Z 0 [Note] Server hostname (bind-address): '*'; port: 3306
2019-07-10T13:23:04.851820Z 0 [Note] IPv6 is available.
2019-07-10T13:23:04.858012Z 0 [Note]   - '::' resolves to '::';
2019-07-10T13:23:04.858240Z 0 [Note] Server socket created on IP: '::'.
2019-07-10T13:23:05.057941Z 0 [Warning] 'user' entry 'root@localhost' ignored in --skip-name-resolve mode.
2019-07-10T13:23:05.058140Z 0 [Warning] 'user' entry 'mysql.session@localhost' ignored in --skip-name-resolve mode.
2019-07-10T13:23:05.058255Z 0 [Warning] 'user' entry 'mysql.sys@localhost' ignored in --skip-name-resolve mode.
2019-07-10T13:23:05.060207Z 0 [Warning] 'db' entry 'performance_schema mysql.session@localhost' ignored in --skip-name-resolve mode.
2019-07-10T13:23:05.060359Z 0 [Warning] 'db' entry 'sys mysql.sys@localhost' ignored in --skip-name-resolve mode.
2019-07-10T13:23:05.084637Z 0 [Warning] 'proxies_priv' entry '@ root@localhost' ignored in --skip-name-resolve mode.
2019-07-10T13:23:05.175593Z 0 [Note] InnoDB: Buffer pool(s) load completed at 190710 13:23:05
2019-07-10T13:23:05.244978Z 0 [Warning] 'tables_priv' entry 'user mysql.session@localhost' ignored in --skip-name-resolve mode.
2019-07-10T13:23:05.245381Z 0 [Warning] 'tables_priv' entry 'sys_config mysql.sys@localhost' ignored in --skip-name-resolve mode.
2019-07-10T13:23:05.754196Z 0 [Note] Event Scheduler: Loaded 0 events
2019-07-10T13:23:05.754578Z 0 [Note] /usr/sbin/mysqld: ready for connections.
Version: '5.7.23'  socket: '/var/run/mysqld/mysqld.sock'  port: 3306  MySQL Community Server (GPL)
2019-07-10T14:26:25.862173Z 0 [Note] InnoDB: page_cleaner: 1000ms intended loop took 1345131ms. The settings might not be optimal. (flushed=0 and evicted=0, during the time.)
2019-07-10T16:59:20.318297Z 0 [Note] InnoDB: page_cleaner: 1000ms intended loop took 4187ms. The settings might not be optimal. (flushed=12 and evicted=0, during the time.)
2019-07-10T17:46:59.213938Z 0 [Note] InnoDB: page_cleaner: 1000ms intended loop took 33336ms. The settings might not be optimal. (flushed=0 and evicted=0, during the time.)
2019-07-10T18:31:28.810497Z 0 [Note] Giving 0 client threads a chance to die gracefully
2019-07-10T18:31:28.811023Z 0 [Note] Shutting down slave threads
2019-07-10T18:31:28.811278Z 0 [Note] Forcefully disconnecting 0 remaining clients
2019-07-10T18:31:28.812797Z 0 [Note] Event Scheduler: Purging the queue. 0 events
2019-07-10T18:31:28.813656Z 0 [Note] Binlog end
2019-07-10T18:31:28.873362Z 0 [Note] Shutting down plugin 'ngram'
2019-07-10T18:31:28.874577Z 0 [Note] Shutting down plugin 'partition'
2019-07-10T18:31:28.874791Z 0 [Note] Shutting down plugin 'BLACKHOLE'
2019-07-10T18:31:28.875032Z 0 [Note] Shutting down plugin 'ARCHIVE'
2019-07-10T18:31:28.875621Z 0 [Note] Shutting down plugin 'PERFORMANCE_SCHEMA'
2019-07-10T18:31:28.887666Z 0 [Note] Shutting down plugin 'MRG_MYISAM'
2019-07-10T18:31:28.887986Z 0 [Note] Shutting down plugin 'MyISAM'
2019-07-10T18:31:28.888345Z 0 [Note] Shutting down plugin 'INNODB_SYS_VIRTUAL'
2019-07-10T18:31:28.891634Z 0 [Note] Shutting down plugin 'INNODB_SYS_DATAFILES'
2019-07-10T18:31:28.891885Z 0 [Note] Shutting down plugin 'INNODB_SYS_TABLESPACES'
2019-07-10T18:31:28.893393Z 0 [Note] Shutting down plugin 'INNODB_SYS_FOREIGN_COLS'
2019-07-10T18:31:28.893588Z 0 [Note] Shutting down plugin 'INNODB_SYS_FOREIGN'
2019-07-10T18:31:28.893750Z 0 [Note] Shutting down plugin 'INNODB_SYS_FIELDS'
2019-07-10T18:31:28.894033Z 0 [Note] Shutting down plugin 'INNODB_SYS_COLUMNS'
2019-07-10T18:31:28.894327Z 0 [Note] Shutting down plugin 'INNODB_SYS_INDEXES'
2019-07-10T18:31:28.894585Z 0 [Note] Shutting down plugin 'INNODB_SYS_TABLESTATS'
2019-07-10T18:31:28.894876Z 0 [Note] Shutting down plugin 'INNODB_SYS_TABLES'
2019-07-10T18:31:28.895154Z 0 [Note] Shutting down plugin 'INNODB_FT_INDEX_TABLE'
2019-07-10T18:31:28.895432Z 0 [Note] Shutting down plugin 'INNODB_FT_INDEX_CACHE'
2019-07-10T18:31:28.895743Z 0 [Note] Shutting down plugin 'INNODB_FT_CONFIG'
2019-07-10T18:31:28.895960Z 0 [Note] Shutting down plugin 'INNODB_FT_BEING_DELETED'
2019-07-10T18:31:28.896233Z 0 [Note] Shutting down plugin 'INNODB_FT_DELETED'
2019-07-10T18:31:28.896510Z 0 [Note] Shutting down plugin 'INNODB_FT_DEFAULT_STOPWORD'
2019-07-10T18:31:28.896789Z 0 [Note] Shutting down plugin 'INNODB_METRICS'
2019-07-10T18:31:28.897182Z 0 [Note] Shutting down plugin 'INNODB_TEMP_TABLE_INFO'
2019-07-10T18:31:28.897462Z 0 [Note] Shutting down plugin 'INNODB_BUFFER_POOL_STATS'
2019-07-10T18:31:28.897700Z 0 [Note] Shutting down plugin 'INNODB_BUFFER_PAGE_LRU'
2019-07-10T18:31:28.897919Z 0 [Note] Shutting down plugin 'INNODB_BUFFER_PAGE'
2019-07-10T18:31:28.898142Z 0 [Note] Shutting down plugin 'INNODB_CMP_PER_INDEX_RESET'
2019-07-10T18:31:28.898406Z 0 [Note] Shutting down plugin 'INNODB_CMP_PER_INDEX'
2019-07-10T18:31:28.898608Z 0 [Note] Shutting down plugin 'INNODB_CMPMEM_RESET'
2019-07-10T18:31:28.898824Z 0 [Note] Shutting down plugin 'INNODB_CMPMEM'
2019-07-10T18:31:28.899124Z 0 [Note] Shutting down plugin 'INNODB_CMP_RESET'
2019-07-10T18:31:28.899477Z 0 [Note] Shutting down plugin 'INNODB_CMP'
2019-07-10T18:31:28.899684Z 0 [Note] Shutting down plugin 'INNODB_LOCK_WAITS'
2019-07-10T18:31:28.899999Z 0 [Note] Shutting down plugin 'INNODB_LOCKS'
2019-07-10T18:31:28.900132Z 0 [Note] Shutting down plugin 'INNODB_TRX'
2019-07-10T18:31:28.900348Z 0 [Note] Shutting down plugin 'InnoDB'
2019-07-10T18:31:28.901129Z 0 [Note] InnoDB: FTS optimize thread exiting.
2019-07-10T18:31:28.937212Z 0 [Note] InnoDB: Starting shutdown...
2019-07-10T18:31:29.041924Z 0 [Note] InnoDB: Dumping buffer pool(s) to /var/lib/mysql/ib_buffer_pool
2019-07-10T18:31:29.055593Z 0 [Note] InnoDB: Buffer pool(s) dump completed at 190710 18:31:29
2019-07-10T18:31:30.595657Z 0 [Note] InnoDB: Shutdown completed; log sequence number 9108075
2019-07-10T18:31:30.597719Z 0 [Note] InnoDB: Removed temporary tablespace data file: "ibtmp1"
2019-07-10T18:31:30.598037Z 0 [Note] Shutting down plugin 'MEMORY'
2019-07-10T18:31:30.598344Z 0 [Note] Shutting down plugin 'CSV'
2019-07-10T18:31:30.598723Z 0 [Note] Shutting down plugin 'sha256_password'
2019-07-10T18:31:30.598986Z 0 [Note] Shutting down plugin 'mysql_native_password'
2019-07-10T18:31:30.599695Z 0 [Note] Shutting down plugin 'binlog'
2019-07-10T18:31:30.625864Z 0 [Note] /usr/sbin/mysqld: Shutdown complete

2019-09-16T20:46:02.784977Z 0 [Warning] TIMESTAMP with implicit DEFAULT value is deprecated. Please use --explicit_defaults_for_timestamp server option (see documentation for more details).
2019-09-16T20:46:02.816282Z 0 [Note] /usr/sbin/mysqld (mysqld 5.7.23) starting as process 83 ...
2019-09-16T20:46:03.007439Z 0 [Note] InnoDB: PUNCH HOLE support available
2019-09-16T20:46:03.008013Z 0 [Note] InnoDB: Mutexes and rw_locks use GCC atomic builtins
2019-09-16T20:46:03.008569Z 0 [Note] InnoDB: Uses event mutexes
2019-09-16T20:46:03.008973Z 0 [Note] InnoDB: GCC builtin __atomic_thread_fence() is used for memory barrier
2019-09-16T20:46:03.009939Z 0 [Note] InnoDB: Compressed tables use zlib 1.2.3
2019-09-16T20:46:03.010924Z 0 [Note] InnoDB: Using Linux native AIO
2019-09-16T20:46:03.015287Z 0 [Note] InnoDB: Number of pools: 1
2019-09-16T20:46:03.049551Z 0 [Note] InnoDB: Using CPU crc32 instructions
2019-09-16T20:46:03.053663Z 0 [Note] InnoDB: Initializing buffer pool, total size = 32M, instances = 1, chunk size = 32M
2019-09-16T20:46:03.059967Z 0 [Note] InnoDB: Completed initialization of buffer pool
2019-09-16T20:46:03.063312Z 0 [Note] InnoDB: If the mysqld execution user is authorized, page cleaner thread priority can be changed. See the man page of setpriority().
2019-09-16T20:46:03.138936Z 0 [Note] InnoDB: Highest supported file format is Barracuda.
2019-09-16T20:46:03.471032Z 0 [Note] InnoDB: Creating shared tablespace for temporary tables
2019-09-16T20:46:03.471587Z 0 [Note] InnoDB: Setting file './ibtmp1' size to 12 MB. Physically writing the file full; Please wait ...
2019-09-16T20:46:03.702148Z 0 [Note] InnoDB: File './ibtmp1' size is now 12 MB.
2019-09-16T20:46:03.702812Z 0 [Note] InnoDB: 96 redo rollback segment(s) found. 96 redo rollback segment(s) are active.
2019-09-16T20:46:03.702975Z 0 [Note] InnoDB: 32 non-redo rollback segment(s) are active.
2019-09-16T20:46:03.703468Z 0 [Note] InnoDB: Waiting for purge to start
2019-09-16T20:46:03.754246Z 0 [Note] InnoDB: 5.7.23 started; log sequence number 9108075
2019-09-16T20:46:03.754861Z 0 [Note] InnoDB: Loading buffer pool(s) from /var/lib/mysql/ib_buffer_pool
2019-09-16T20:46:03.757394Z 0 [Note] Plugin 'FEDERATED' is disabled.
2019-09-16T20:46:03.918261Z 0 [Warning] Failed to set up SSL because of the following SSL library error: SSL context is not usable without certificate and private key
2019-09-16T20:46:03.918410Z 0 [Note] Server hostname (bind-address): '*'; port: 3306
2019-09-16T20:46:03.923771Z 0 [Note] IPv6 is available.
2019-09-16T20:46:03.934060Z 0 [Note]   - '::' resolves to '::';
2019-09-16T20:46:03.934286Z 0 [Note] Server socket created on IP: '::'.
2019-09-16T20:46:04.055711Z 0 [Warning] 'user' entry 'root@localhost' ignored in --skip-name-resolve mode.
2019-09-16T20:46:04.055954Z 0 [Warning] 'user' entry 'mysql.session@localhost' ignored in --skip-name-resolve mode.
2019-09-16T20:46:04.056070Z 0 [Warning] 'user' entry 'mysql.sys@localhost' ignored in --skip-name-resolve mode.
2019-09-16T20:46:04.057999Z 0 [Warning] 'db' entry 'performance_schema mysql.session@localhost' ignored in --skip-name-resolve mode.
2019-09-16T20:46:04.058237Z 0 [Warning] 'db' entry 'sys mysql.sys@localhost' ignored in --skip-name-resolve mode.
2019-09-16T20:46:04.068510Z 0 [Warning] 'proxies_priv' entry '@ root@localhost' ignored in --skip-name-resolve mode.
2019-09-16T20:46:04.260384Z 0 [Warning] 'tables_priv' entry 'user mysql.session@localhost' ignored in --skip-name-resolve mode.
2019-09-16T20:46:04.260609Z 0 [Warning] 'tables_priv' entry 'sys_config mysql.sys@localhost' ignored in --skip-name-resolve mode.
2019-09-16T20:46:04.294792Z 0 [Note] InnoDB: Buffer pool(s) load completed at 190916 20:46:04
2019-09-16T20:46:04.633626Z 0 [Note] Event Scheduler: Loaded 0 events
2019-09-16T20:46:04.638945Z 0 [Note] /usr/sbin/mysqld: ready for connections.
Version: '5.7.23'  socket: '/var/run/mysqld/mysqld.sock'  port: 3306  MySQL Community Server (GPL)
2019-09-17T12:33:11.628165Z 0 [Note] InnoDB: page_cleaner: 1000ms intended loop took 50849354ms. The settings might not be optimal. (flushed=0 and evicted=0, during the time.)
2019-09-17T13:23:30.619162Z 0 [Note] InnoDB: page_cleaner: 1000ms intended loop took 1531319ms. The settings might not be optimal. (flushed=0 and evicted=0, during the time.)
2019-09-17T18:16:21.672447Z 0 [Note] InnoDB: page_cleaner: 1000ms intended loop took 8372574ms. The settings might not be optimal. (flushed=0 and evicted=0, during the time.)
2019-09-17T23:19:52.740370Z 0 [Note] InnoDB: page_cleaner: 1000ms intended loop took 8582542ms. The settings might not be optimal. (flushed=0 and evicted=0, during the time.)
2019-09-18T03:31:14.072215Z 0 [Note] InnoDB: page_cleaner: 1000ms intended loop took 14793208ms. The settings might not be optimal. (flushed=0 and evicted=0, during the time.)
2019-09-18T12:46:11.731267Z 0 [Note] InnoDB: page_cleaner: 1000ms intended loop took 33100573ms. The settings might not be optimal. (flushed=0 and evicted=0, during the time.)
2019-09-18T19:19:21.292754Z 0 [Note] Giving 0 client threads a chance to die gracefully
2019-09-18T19:19:21.292943Z 0 [Note] Shutting down slave threads
2019-09-18T19:19:21.293008Z 0 [Note] Forcefully disconnecting 0 remaining clients
2019-09-18T19:19:21.293070Z 0 [Note] Event Scheduler: Purging the queue. 0 events
2019-09-18T19:19:21.364516Z 0 [Note] Binlog end
2019-09-18T19:19:21.365977Z 0 [Note] Shutting down plugin 'ngram'
2019-09-18T19:19:21.366113Z 0 [Note] Shutting down plugin 'partition'
2019-09-18T19:19:21.366205Z 0 [Note] Shutting down plugin 'BLACKHOLE'
2019-09-18T19:19:21.366290Z 0 [Note] Shutting down plugin 'ARCHIVE'
2019-09-18T19:19:21.366373Z 0 [Note] Shutting down plugin 'PERFORMANCE_SCHEMA'
2019-09-18T19:19:21.366479Z 0 [Note] Shutting down plugin 'MRG_MYISAM'
2019-09-18T19:19:21.366559Z 0 [Note] Shutting down plugin 'MyISAM'
2019-09-18T19:19:21.366653Z 0 [Note] Shutting down plugin 'INNODB_SYS_VIRTUAL'
2019-09-18T19:19:21.367129Z 0 [Note] Shutting down plugin 'INNODB_SYS_DATAFILES'
2019-09-18T19:19:21.367204Z 0 [Note] Shutting down plugin 'INNODB_SYS_TABLESPACES'
2019-09-18T19:19:21.367420Z 0 [Note] Shutting down plugin 'INNODB_SYS_FOREIGN_COLS'
2019-09-18T19:19:21.367492Z 0 [Note] Shutting down plugin 'INNODB_SYS_FOREIGN'
2019-09-18T19:19:21.367539Z 0 [Note] Shutting down plugin 'INNODB_SYS_FIELDS'
2019-09-18T19:19:21.367592Z 0 [Note] Shutting down plugin 'INNODB_SYS_COLUMNS'
2019-09-18T19:19:21.367637Z 0 [Note] Shutting down plugin 'INNODB_SYS_INDEXES'
2019-09-18T19:19:21.367682Z 0 [Note] Shutting down plugin 'INNODB_SYS_TABLESTATS'
2019-09-18T19:19:21.367727Z 0 [Note] Shutting down plugin 'INNODB_SYS_TABLES'
2019-09-18T19:19:21.367772Z 0 [Note] Shutting down plugin 'INNODB_FT_INDEX_TABLE'
2019-09-18T19:19:21.367817Z 0 [Note] Shutting down plugin 'INNODB_FT_INDEX_CACHE'
2019-09-18T19:19:21.367862Z 0 [Note] Shutting down plugin 'INNODB_FT_CONFIG'
2019-09-18T19:19:21.367907Z 0 [Note] Shutting down plugin 'INNODB_FT_BEING_DELETED'
2019-09-18T19:19:21.367952Z 0 [Note] Shutting down plugin 'INNODB_FT_DELETED'
2019-09-18T19:19:21.367996Z 0 [Note] Shutting down plugin 'INNODB_FT_DEFAULT_STOPWORD'
2019-09-18T19:19:21.368041Z 0 [Note] Shutting down plugin 'INNODB_METRICS'
2019-09-18T19:19:21.368086Z 0 [Note] Shutting down plugin 'INNODB_TEMP_TABLE_INFO'
2019-09-18T19:19:21.368131Z 0 [Note] Shutting down plugin 'INNODB_BUFFER_POOL_STATS'
2019-09-18T19:19:21.368176Z 0 [Note] Shutting down plugin 'INNODB_BUFFER_PAGE_LRU'
2019-09-18T19:19:21.368221Z 0 [Note] Shutting down plugin 'INNODB_BUFFER_PAGE'
2019-09-18T19:19:21.368266Z 0 [Note] Shutting down plugin 'INNODB_CMP_PER_INDEX_RESET'
2019-09-18T19:19:21.368311Z 0 [Note] Shutting down plugin 'INNODB_CMP_PER_INDEX'
2019-09-18T19:19:21.368355Z 0 [Note] Shutting down plugin 'INNODB_CMPMEM_RESET'
2019-09-18T19:19:21.368400Z 0 [Note] Shutting down plugin 'INNODB_CMPMEM'
2019-09-18T19:19:21.368445Z 0 [Note] Shutting down plugin 'INNODB_CMP_RESET'
2019-09-18T19:19:21.368503Z 0 [Note] Shutting down plugin 'INNODB_CMP'
2019-09-18T19:19:21.368568Z 0 [Note] Shutting down plugin 'INNODB_LOCK_WAITS'
2019-09-18T19:19:21.368720Z 0 [Note] Shutting down plugin 'INNODB_LOCKS'
2019-09-18T19:19:21.368883Z 0 [Note] Shutting down plugin 'INNODB_TRX'
2019-09-18T19:19:21.368952Z 0 [Note] Shutting down plugin 'InnoDB'
2019-09-18T19:19:21.369379Z 0 [Note] InnoDB: FTS optimize thread exiting.
2019-09-18T19:19:21.369615Z 0 [Note] InnoDB: Starting shutdown...
2019-09-18T19:19:21.470983Z 0 [Note] InnoDB: Dumping buffer pool(s) to /var/lib/mysql/ib_buffer_pool
2019-09-18T19:19:21.471444Z 0 [Note] InnoDB: Buffer pool(s) dump completed at 190918 19:19:21
2019-09-18T19:19:22.983327Z 0 [Note] InnoDB: Shutdown completed; log sequence number 9565022
2019-09-18T19:19:22.985458Z 0 [Note] InnoDB: Removed temporary tablespace data file: "ibtmp1"
2019-09-18T19:19:22.985625Z 0 [Note] Shutting down plugin 'MEMORY'
2019-09-18T19:19:22.985780Z 0 [Note] Shutting down plugin 'CSV'
2019-09-18T19:19:22.985920Z 0 [Note] Shutting down plugin 'sha256_password'
2019-09-18T19:19:22.986059Z 0 [Note] Shutting down plugin 'mysql_native_password'
2019-09-18T19:19:22.986319Z 0 [Note] Shutting down plugin 'binlog'
2019-09-18T19:19:22.986809Z 0 [Note] /usr/sbin/mysqld: Shutdown complete

2019-09-19T13:48:02.076314Z 0 [Warning] TIMESTAMP with implicit DEFAULT value is deprecated. Please use --explicit_defaults_for_timestamp server option (see documentation for more details).
2019-09-19T13:48:02.096714Z 0 [Note] /usr/sbin/mysqld (mysqld 5.7.23) starting as process 82 ...
2019-09-19T13:48:02.255306Z 0 [Note] InnoDB: PUNCH HOLE support available
2019-09-19T13:48:02.255559Z 0 [Note] InnoDB: Mutexes and rw_locks use GCC atomic builtins
2019-09-19T13:48:02.256522Z 0 [Note] InnoDB: Uses event mutexes
2019-09-19T13:48:02.257068Z 0 [Note] InnoDB: GCC builtin __atomic_thread_fence() is used for memory barrier
2019-09-19T13:48:02.257522Z 0 [Note] InnoDB: Compressed tables use zlib 1.2.3
2019-09-19T13:48:02.258500Z 0 [Note] InnoDB: Using Linux native AIO
2019-09-19T13:48:02.262649Z 0 [Note] InnoDB: Number of pools: 1
2019-09-19T13:48:02.269249Z 0 [Note] InnoDB: Using CPU crc32 instructions
2019-09-19T13:48:02.273518Z 0 [Note] InnoDB: Initializing buffer pool, total size = 32M, instances = 1, chunk size = 32M
2019-09-19T13:48:02.279832Z 0 [Note] InnoDB: Completed initialization of buffer pool
2019-09-19T13:48:02.285902Z 0 [Note] InnoDB: If the mysqld execution user is authorized, page cleaner thread priority can be changed. See the man page of setpriority().
2019-09-19T13:48:02.371395Z 0 [Note] InnoDB: Highest supported file format is Barracuda.
2019-09-19T13:48:02.998079Z 0 [Note] InnoDB: Creating shared tablespace for temporary tables
2019-09-19T13:48:02.998316Z 0 [Note] InnoDB: Setting file './ibtmp1' size to 12 MB. Physically writing the file full; Please wait ...
2019-09-19T13:48:03.124700Z 0 [Note] InnoDB: File './ibtmp1' size is now 12 MB.
2019-09-19T13:48:03.125464Z 0 [Note] InnoDB: 96 redo rollback segment(s) found. 96 redo rollback segment(s) are active.
2019-09-19T13:48:03.125595Z 0 [Note] InnoDB: 32 non-redo rollback segment(s) are active.
2019-09-19T13:48:03.126109Z 0 [Note] InnoDB: Waiting for purge to start
2019-09-19T13:48:03.176689Z 0 [Note] InnoDB: 5.7.23 started; log sequence number 9565022
2019-09-19T13:48:03.177294Z 0 [Note] InnoDB: Loading buffer pool(s) from /var/lib/mysql/ib_buffer_pool
2019-09-19T13:48:03.189707Z 0 [Note] Plugin 'FEDERATED' is disabled.
2019-09-19T13:48:03.493973Z 0 [Warning] Failed to set up SSL because of the following SSL library error: SSL context is not usable without certificate and private key
2019-09-19T13:48:03.494099Z 0 [Note] Server hostname (bind-address): '*'; port: 3306
2019-09-19T13:48:03.513965Z 0 [Note] IPv6 is available.
2019-09-19T13:48:03.527405Z 0 [Note]   - '::' resolves to '::';
2019-09-19T13:48:03.527649Z 0 [Note] Server socket created on IP: '::'.
2019-09-19T13:48:04.011658Z 0 [Warning] 'user' entry 'root@localhost' ignored in --skip-name-resolve mode.
2019-09-19T13:48:04.011868Z 0 [Warning] 'user' entry 'mysql.session@localhost' ignored in --skip-name-resolve mode.
2019-09-19T13:48:04.011955Z 0 [Warning] 'user' entry 'mysql.sys@localhost' ignored in --skip-name-resolve mode.
2019-09-19T13:48:04.013751Z 0 [Warning] 'db' entry 'performance_schema mysql.session@localhost' ignored in --skip-name-resolve mode.
2019-09-19T13:48:04.013887Z 0 [Warning] 'db' entry 'sys mysql.sys@localhost' ignored in --skip-name-resolve mode.
2019-09-19T13:48:04.025391Z 0 [Warning] 'proxies_priv' entry '@ root@localhost' ignored in --skip-name-resolve mode.
2019-09-19T13:48:04.082495Z 0 [Note] InnoDB: Buffer pool(s) load completed at 190919 13:48:04
2019-09-19T13:48:04.156427Z 0 [Warning] 'tables_priv' entry 'user mysql.session@localhost' ignored in --skip-name-resolve mode.
2019-09-19T13:48:04.156894Z 0 [Warning] 'tables_priv' entry 'sys_config mysql.sys@localhost' ignored in --skip-name-resolve mode.
2019-09-19T13:48:04.711944Z 0 [Note] Event Scheduler: Loaded 0 events
2019-09-19T13:48:04.712781Z 0 [Note] /usr/sbin/mysqld: ready for connections.
Version: '5.7.23'  socket: '/var/run/mysqld/mysqld.sock'  port: 3306  MySQL Community Server (GPL)
2019-09-19T18:54:16.798536Z 0 [Note] Giving 0 client threads a chance to die gracefully
2019-09-19T18:54:16.837154Z 0 [Note] Shutting down slave threads
2019-09-19T18:54:16.837299Z 0 [Note] Forcefully disconnecting 0 remaining clients
2019-09-19T18:54:16.837424Z 0 [Note] Event Scheduler: Purging the queue. 0 events
2019-09-19T18:54:16.837606Z 0 [Note] Binlog end
2019-09-19T18:54:16.838717Z 0 [Note] Shutting down plugin 'ngram'
2019-09-19T18:54:16.838851Z 0 [Note] Shutting down plugin 'partition'
2019-09-19T18:54:16.839006Z 0 [Note] Shutting down plugin 'BLACKHOLE'
2019-09-19T18:54:16.839131Z 0 [Note] Shutting down plugin 'ARCHIVE'
2019-09-19T18:54:16.839271Z 0 [Note] Shutting down plugin 'PERFORMANCE_SCHEMA'
2019-09-19T18:54:16.839452Z 0 [Note] Shutting down plugin 'MRG_MYISAM'
2019-09-19T18:54:16.839569Z 0 [Note] Shutting down plugin 'MyISAM'
2019-09-19T18:54:16.839694Z 0 [Note] Shutting down plugin 'INNODB_SYS_VIRTUAL'
2019-09-19T18:54:16.839813Z 0 [Note] Shutting down plugin 'INNODB_SYS_DATAFILES'
2019-09-19T18:54:16.839931Z 0 [Note] Shutting down plugin 'INNODB_SYS_TABLESPACES'
2019-09-19T18:54:16.840139Z 0 [Note] Shutting down plugin 'INNODB_SYS_FOREIGN_COLS'
2019-09-19T18:54:16.840258Z 0 [Note] Shutting down plugin 'INNODB_SYS_FOREIGN'
2019-09-19T18:54:16.840386Z 0 [Note] Shutting down plugin 'INNODB_SYS_FIELDS'
2019-09-19T18:54:16.840599Z 0 [Note] Shutting down plugin 'INNODB_SYS_COLUMNS'
2019-09-19T18:54:16.840697Z 0 [Note] Shutting down plugin 'INNODB_SYS_INDEXES'
2019-09-19T18:54:16.840809Z 0 [Note] Shutting down plugin 'INNODB_SYS_TABLESTATS'
2019-09-19T18:54:16.840902Z 0 [Note] Shutting down plugin 'INNODB_SYS_TABLES'
2019-09-19T18:54:16.841013Z 0 [Note] Shutting down plugin 'INNODB_FT_INDEX_TABLE'
2019-09-19T18:54:16.841131Z 0 [Note] Shutting down plugin 'INNODB_FT_INDEX_CACHE'
2019-09-19T18:54:16.841230Z 0 [Note] Shutting down plugin 'INNODB_FT_CONFIG'
2019-09-19T18:54:16.841323Z 0 [Note] Shutting down plugin 'INNODB_FT_BEING_DELETED'
2019-09-19T18:54:16.841415Z 0 [Note] Shutting down plugin 'INNODB_FT_DELETED'
2019-09-19T18:54:16.841509Z 0 [Note] Shutting down plugin 'INNODB_FT_DEFAULT_STOPWORD'
2019-09-19T18:54:16.841602Z 0 [Note] Shutting down plugin 'INNODB_METRICS'
2019-09-19T18:54:16.841692Z 0 [Note] Shutting down plugin 'INNODB_TEMP_TABLE_INFO'
2019-09-19T18:54:16.841782Z 0 [Note] Shutting down plugin 'INNODB_BUFFER_POOL_STATS'
2019-09-19T18:54:16.841867Z 0 [Note] Shutting down plugin 'INNODB_BUFFER_PAGE_LRU'
2019-09-19T18:54:16.841951Z 0 [Note] Shutting down plugin 'INNODB_BUFFER_PAGE'
2019-09-19T18:54:16.842040Z 0 [Note] Shutting down plugin 'INNODB_CMP_PER_INDEX_RESET'
2019-09-19T18:54:16.842125Z 0 [Note] Shutting down plugin 'INNODB_CMP_PER_INDEX'
2019-09-19T18:54:16.842210Z 0 [Note] Shutting down plugin 'INNODB_CMPMEM_RESET'
2019-09-19T18:54:16.842294Z 0 [Note] Shutting down plugin 'INNODB_CMPMEM'
2019-09-19T18:54:16.842407Z 0 [Note] Shutting down plugin 'INNODB_CMP_RESET'
2019-09-19T18:54:16.842524Z 0 [Note] Shutting down plugin 'INNODB_CMP'
2019-09-19T18:54:16.842616Z 0 [Note] Shutting down plugin 'INNODB_LOCK_WAITS'
2019-09-19T18:54:16.842707Z 0 [Note] Shutting down plugin 'INNODB_LOCKS'
2019-09-19T18:54:16.842795Z 0 [Note] Shutting down plugin 'INNODB_TRX'
2019-09-19T18:54:16.842882Z 0 [Note] Shutting down plugin 'InnoDB'
2019-09-19T18:54:16.843337Z 0 [Note] InnoDB: FTS optimize thread exiting.
2019-09-19T18:54:16.843704Z 0 [Note] InnoDB: Starting shutdown...
2019-09-19T18:54:16.945578Z 0 [Note] InnoDB: Dumping buffer pool(s) to /var/lib/mysql/ib_buffer_pool
2019-09-19T18:54:16.946542Z 0 [Note] InnoDB: Buffer pool(s) dump completed at 190919 18:54:16
2019-09-20T17:18:36.230100Z 0 [Warning] TIMESTAMP with implicit DEFAULT value is deprecated. Please use --explicit_defaults_for_timestamp server option (see documentation for more details).
2019-09-20T17:18:36.255581Z 0 [Note] /usr/sbin/mysqld (mysqld 5.7.23) starting as process 85 ...
2019-09-20T17:18:36.404869Z 0 [Note] InnoDB: PUNCH HOLE support available
2019-09-20T17:18:36.405331Z 0 [Note] InnoDB: Mutexes and rw_locks use GCC atomic builtins
2019-09-20T17:18:36.406279Z 0 [Note] InnoDB: Uses event mutexes
2019-09-20T17:18:36.407252Z 0 [Note] InnoDB: GCC builtin __atomic_thread_fence() is used for memory barrier
2019-09-20T17:18:36.407499Z 0 [Note] InnoDB: Compressed tables use zlib 1.2.3
2019-09-20T17:18:36.408239Z 0 [Note] InnoDB: Using Linux native AIO
2019-09-20T17:18:36.413566Z 0 [Note] InnoDB: Number of pools: 1
2019-09-20T17:18:36.421560Z 0 [Note] InnoDB: Using CPU crc32 instructions
2019-09-20T17:18:36.427180Z 0 [Note] InnoDB: Initializing buffer pool, total size = 32M, instances = 1, chunk size = 32M
2019-09-20T17:18:36.452704Z 0 [Note] InnoDB: Completed initialization of buffer pool
2019-09-20T17:18:36.462093Z 0 [Note] InnoDB: If the mysqld execution user is authorized, page cleaner thread priority can be changed. See the man page of setpriority().
2019-09-20T17:18:36.506190Z 0 [Note] InnoDB: Highest supported file format is Barracuda.
2019-09-20T17:18:36.531331Z 0 [Note] InnoDB: Log scan progressed past the checkpoint lsn 9733761
2019-09-20T17:18:36.532116Z 0 [Note] InnoDB: Doing recovery: scanned up to log sequence number 9734645
2019-09-20T17:18:36.577249Z 0 [Note] InnoDB: Database was not shutdown normally!
2019-09-20T17:18:36.577912Z 0 [Note] InnoDB: Starting crash recovery.
2019-09-20T17:18:37.277882Z 0 [Note] InnoDB: Starting an apply batch of log records to the database...
InnoDB: Progress in percent: 3 4 5 6 7 8 9 10 11 12 13 14 15 16 17 18 19 20 21 22 23 24 25 26 27 28 29 30 31 32 33 34 35 36 37 38 39 40 41 42 43 44 45 46 47 48 49 50 51 52 53 54 55 56 57 58 59 60 61 62 63 64 65 66 67 68 69 70 71 72 73 74 75 76 77 78 79 80 81 82 83 84 85 86 87 88 89 90 91 92 93 94 95 96 97 98 99 
2019-09-20T17:18:37.862588Z 0 [Note] InnoDB: Apply batch completed
2019-09-20T17:18:38.347202Z 0 [Note] InnoDB: Removed temporary tablespace data file: "ibtmp1"
2019-09-20T17:18:38.347590Z 0 [Note] InnoDB: Creating shared tablespace for temporary tables
2019-09-20T17:18:38.348357Z 0 [Note] InnoDB: Setting file './ibtmp1' size to 12 MB. Physically writing the file full; Please wait ...
2019-09-20T17:18:38.506244Z 0 [Note] InnoDB: File './ibtmp1' size is now 12 MB.
2019-09-20T17:18:38.508024Z 0 [Note] InnoDB: 96 redo rollback segment(s) found. 96 redo rollback segment(s) are active.
2019-09-20T17:18:38.508490Z 0 [Note] InnoDB: 32 non-redo rollback segment(s) are active.
2019-09-20T17:18:38.510249Z 0 [Note] InnoDB: Waiting for purge to start
2019-09-20T17:18:38.561675Z 0 [Note] InnoDB: 5.7.23 started; log sequence number 9734645
2019-09-20T17:18:38.582704Z 0 [Note] InnoDB: Loading buffer pool(s) from /var/lib/mysql/ib_buffer_pool
2019-09-20T17:18:38.593854Z 0 [Note] Plugin 'FEDERATED' is disabled.
2019-09-20T17:18:38.663805Z 0 [Warning] Failed to set up SSL because of the following SSL library error: SSL context is not usable without certificate and private key
2019-09-20T17:18:38.664546Z 0 [Note] Server hostname (bind-address): '*'; port: 3306
2019-09-20T17:18:38.667891Z 0 [Note] IPv6 is available.
2019-09-20T17:18:38.753817Z 0 [Note]   - '::' resolves to '::';
2019-09-20T17:18:38.754125Z 0 [Note] Server socket created on IP: '::'.
2019-09-20T17:18:38.794689Z 0 [Note] InnoDB: Buffer pool(s) load completed at 190920 17:18:38
2019-09-20T17:18:38.864667Z 0 [Warning] 'user' entry 'root@localhost' ignored in --skip-name-resolve mode.
2019-09-20T17:18:38.865301Z 0 [Warning] 'user' entry 'mysql.session@localhost' ignored in --skip-name-resolve mode.
2019-09-20T17:18:38.866222Z 0 [Warning] 'user' entry 'mysql.sys@localhost' ignored in --skip-name-resolve mode.
2019-09-20T17:18:38.872194Z 0 [Warning] 'db' entry 'performance_schema mysql.session@localhost' ignored in --skip-name-resolve mode.
2019-09-20T17:18:38.873023Z 0 [Warning] 'db' entry 'sys mysql.sys@localhost' ignored in --skip-name-resolve mode.
2019-09-20T17:18:38.874762Z 0 [Warning] 'proxies_priv' entry '@ root@localhost' ignored in --skip-name-resolve mode.
2019-09-20T17:18:38.898134Z 0 [Warning] 'tables_priv' entry 'user mysql.session@localhost' ignored in --skip-name-resolve mode.
2019-09-20T17:18:38.898390Z 0 [Warning] 'tables_priv' entry 'sys_config mysql.sys@localhost' ignored in --skip-name-resolve mode.
2019-09-20T17:18:38.978097Z 0 [Note] Event Scheduler: Loaded 0 events
2019-09-20T17:18:38.992220Z 0 [Note] /usr/sbin/mysqld: ready for connections.
Version: '5.7.23'  socket: '/var/run/mysqld/mysqld.sock'  port: 3306  MySQL Community Server (GPL)
2019-09-20T19:17:12.790792Z 0 [Note] Giving 0 client threads a chance to die gracefully
2019-09-20T19:17:12.791034Z 0 [Note] Shutting down slave threads
2019-09-20T19:17:12.791101Z 0 [Note] Forcefully disconnecting 0 remaining clients
2019-09-20T19:17:12.791188Z 0 [Note] Event Scheduler: Purging the queue. 0 events
2019-09-20T19:17:12.812038Z 0 [Note] Binlog end
2019-09-20T19:17:12.813317Z 0 [Note] Shutting down plugin 'ngram'
2019-09-20T19:17:12.813476Z 0 [Note] Shutting down plugin 'partition'
2019-09-20T19:17:12.813623Z 0 [Note] Shutting down plugin 'BLACKHOLE'
2019-09-20T19:17:12.813739Z 0 [Note] Shutting down plugin 'ARCHIVE'
2019-09-20T19:17:12.813875Z 0 [Note] Shutting down plugin 'PERFORMANCE_SCHEMA'
2019-09-20T19:17:12.814059Z 0 [Note] Shutting down plugin 'MRG_MYISAM'
2019-09-20T19:17:12.814255Z 0 [Note] Shutting down plugin 'MyISAM'
2019-09-20T19:17:12.814448Z 0 [Note] Shutting down plugin 'INNODB_SYS_VIRTUAL'
2019-09-20T19:17:12.814565Z 0 [Note] Shutting down plugin 'INNODB_SYS_DATAFILES'
2019-09-20T19:17:12.814739Z 0 [Note] Shutting down plugin 'INNODB_SYS_TABLESPACES'
2019-09-20T19:17:12.814915Z 0 [Note] Shutting down plugin 'INNODB_SYS_FOREIGN_COLS'
2019-09-20T19:17:12.815154Z 0 [Note] Shutting down plugin 'INNODB_SYS_FOREIGN'
2019-09-20T19:17:12.815345Z 0 [Note] Shutting down plugin 'INNODB_SYS_FIELDS'
2019-09-20T19:17:12.815503Z 0 [Note] Shutting down plugin 'INNODB_SYS_COLUMNS'
2019-09-20T19:17:12.815589Z 0 [Note] Shutting down plugin 'INNODB_SYS_INDEXES'
2019-09-20T19:17:12.815657Z 0 [Note] Shutting down plugin 'INNODB_SYS_TABLESTATS'
2019-09-20T19:17:12.815741Z 0 [Note] Shutting down plugin 'INNODB_SYS_TABLES'
2019-09-20T19:17:12.815899Z 0 [Note] Shutting down plugin 'INNODB_FT_INDEX_TABLE'
2019-09-20T19:17:12.816062Z 0 [Note] Shutting down plugin 'INNODB_FT_INDEX_CACHE'
2019-09-20T19:17:12.816188Z 0 [Note] Shutting down plugin 'INNODB_FT_CONFIG'
2019-09-20T19:17:12.816339Z 0 [Note] Shutting down plugin 'INNODB_FT_BEING_DELETED'
2019-09-20T19:17:12.816502Z 0 [Note] Shutting down plugin 'INNODB_FT_DELETED'
2019-09-20T19:17:12.816725Z 0 [Note] Shutting down plugin 'INNODB_FT_DEFAULT_STOPWORD'
2019-09-20T19:17:12.816900Z 0 [Note] Shutting down plugin 'INNODB_METRICS'
2019-09-20T19:17:12.817006Z 0 [Note] Shutting down plugin 'INNODB_TEMP_TABLE_INFO'
2019-09-20T19:17:12.817106Z 0 [Note] Shutting down plugin 'INNODB_BUFFER_POOL_STATS'
2019-09-20T19:17:12.817193Z 0 [Note] Shutting down plugin 'INNODB_BUFFER_PAGE_LRU'
2019-09-20T19:17:12.817296Z 0 [Note] Shutting down plugin 'INNODB_BUFFER_PAGE'
2019-09-20T19:17:12.817422Z 0 [Note] Shutting down plugin 'INNODB_CMP_PER_INDEX_RESET'
2019-09-20T19:17:12.817475Z 0 [Note] Shutting down plugin 'INNODB_CMP_PER_INDEX'
2019-09-20T19:17:12.817524Z 0 [Note] Shutting down plugin 'INNODB_CMPMEM_RESET'
2019-09-20T19:17:12.817645Z 0 [Note] Shutting down plugin 'INNODB_CMPMEM'
2019-09-20T19:17:12.817708Z 0 [Note] Shutting down plugin 'INNODB_CMP_RESET'
2019-09-20T19:17:12.817773Z 0 [Note] Shutting down plugin 'INNODB_CMP'
2019-09-20T19:17:12.817884Z 0 [Note] Shutting down plugin 'INNODB_LOCK_WAITS'
2019-09-20T19:17:12.818013Z 0 [Note] Shutting down plugin 'INNODB_LOCKS'
2019-09-20T19:17:12.818129Z 0 [Note] Shutting down plugin 'INNODB_TRX'
2019-09-20T19:17:12.818258Z 0 [Note] Shutting down plugin 'InnoDB'
2019-09-20T19:17:12.818623Z 0 [Note] InnoDB: FTS optimize thread exiting.
2019-09-20T19:17:12.818909Z 0 [Note] InnoDB: Starting shutdown...
2019-09-20T19:17:12.919246Z 0 [Note] InnoDB: Dumping buffer pool(s) to /var/lib/mysql/ib_buffer_pool
2019-09-20T19:17:12.919819Z 0 [Note] InnoDB: Buffer pool(s) dump completed at 190920 19:17:12
2019-09-20T19:17:14.434015Z 0 [Note] InnoDB: Shutdown completed; log sequence number 10341966
2019-09-20T19:17:14.438141Z 0 [Note] InnoDB: Removed temporary tablespace data file: "ibtmp1"
2019-09-20T19:17:14.438392Z 0 [Note] Shutting down plugin 'MEMORY'
2019-09-20T19:17:14.438542Z 0 [Note] Shutting down plugin 'CSV'
2019-09-20T19:17:14.438666Z 0 [Note] Shutting down plugin 'sha256_password'
2019-09-20T19:17:14.438879Z 0 [Note] Shutting down plugin 'mysql_native_password'
2019-09-20T19:17:14.439183Z 0 [Note] Shutting down plugin 'binlog'
2019-09-20T19:17:14.440317Z 0 [Note] /usr/sbin/mysqld: Shutdown complete

2019-09-23T14:41:07.854467Z 0 [Warning] TIMESTAMP with implicit DEFAULT value is deprecated. Please use --explicit_defaults_for_timestamp server option (see documentation for more details).
2019-09-23T14:41:07.910316Z 0 [Note] /usr/sbin/mysqld (mysqld 5.7.23) starting as process 76 ...
2019-09-23T14:41:08.057568Z 0 [Note] InnoDB: PUNCH HOLE support available
2019-09-23T14:41:08.058701Z 0 [Note] InnoDB: Mutexes and rw_locks use GCC atomic builtins
2019-09-23T14:41:08.059632Z 0 [Note] InnoDB: Uses event mutexes
2019-09-23T14:41:08.060605Z 0 [Note] InnoDB: GCC builtin __atomic_thread_fence() is used for memory barrier
2019-09-23T14:41:08.061629Z 0 [Note] InnoDB: Compressed tables use zlib 1.2.3
2019-09-23T14:41:08.062528Z 0 [Note] InnoDB: Using Linux native AIO
2019-09-23T14:41:08.066647Z 0 [Note] InnoDB: Number of pools: 1
2019-09-23T14:41:08.085605Z 0 [Note] InnoDB: Using CPU crc32 instructions
2019-09-23T14:41:08.088801Z 0 [Note] InnoDB: Initializing buffer pool, total size = 32M, instances = 1, chunk size = 32M
2019-09-23T14:41:08.096458Z 0 [Note] InnoDB: Completed initialization of buffer pool
2019-09-23T14:41:08.102261Z 0 [Note] InnoDB: If the mysqld execution user is authorized, page cleaner thread priority can be changed. See the man page of setpriority().
2019-09-23T14:41:08.401572Z 0 [Note] InnoDB: Highest supported file format is Barracuda.
2019-09-23T14:41:15.221133Z 0 [Note] InnoDB: Creating shared tablespace for temporary tables
2019-09-23T14:41:15.221364Z 0 [Note] InnoDB: Setting file './ibtmp1' size to 12 MB. Physically writing the file full; Please wait ...
2019-09-23T14:41:15.629496Z 0 [Note] InnoDB: File './ibtmp1' size is now 12 MB.
2019-09-23T14:41:15.630451Z 0 [Note] InnoDB: 96 redo rollback segment(s) found. 96 redo rollback segment(s) are active.
2019-09-23T14:41:15.631019Z 0 [Note] InnoDB: 32 non-redo rollback segment(s) are active.
2019-09-23T14:41:15.634735Z 0 [Note] InnoDB: Waiting for purge to start
2019-09-23T14:41:15.685213Z 0 [Note] InnoDB: 5.7.23 started; log sequence number 10341966
2019-09-23T14:41:15.685283Z 0 [Note] InnoDB: page_cleaner: 1000ms intended loop took 7583ms. The settings might not be optimal. (flushed=0 and evicted=0, during the time.)
2019-09-23T14:41:15.691952Z 0 [Note] InnoDB: Loading buffer pool(s) from /var/lib/mysql/ib_buffer_pool
2019-09-23T14:41:15.699407Z 0 [Note] Plugin 'FEDERATED' is disabled.
2019-09-23T14:41:16.455753Z 0 [Warning] Failed to set up SSL because of the following SSL library error: SSL context is not usable without certificate and private key
2019-09-23T14:41:16.455877Z 0 [Note] Server hostname (bind-address): '*'; port: 3306
2019-09-23T14:41:16.497453Z 0 [Note] IPv6 is available.
2019-09-23T14:41:16.506874Z 0 [Note]   - '::' resolves to '::';
2019-09-23T14:41:16.507217Z 0 [Note] Server socket created on IP: '::'.
2019-09-23T14:41:17.328530Z 0 [Warning] 'user' entry 'root@localhost' ignored in --skip-name-resolve mode.
2019-09-23T14:41:17.328792Z 0 [Warning] 'user' entry 'mysql.session@localhost' ignored in --skip-name-resolve mode.
2019-09-23T14:41:17.328952Z 0 [Warning] 'user' entry 'mysql.sys@localhost' ignored in --skip-name-resolve mode.
2019-09-23T14:41:17.339204Z 0 [Warning] 'db' entry 'performance_schema mysql.session@localhost' ignored in --skip-name-resolve mode.
2019-09-23T14:41:17.339380Z 0 [Warning] 'db' entry 'sys mysql.sys@localhost' ignored in --skip-name-resolve mode.
2019-09-23T14:41:17.361438Z 0 [Warning] 'proxies_priv' entry '@ root@localhost' ignored in --skip-name-resolve mode.
2019-09-23T14:41:18.392336Z 0 [Note] InnoDB: Buffer pool(s) load completed at 190923 14:41:18
2019-09-23T14:41:18.443253Z 0 [Warning] 'tables_priv' entry 'user mysql.session@localhost' ignored in --skip-name-resolve mode.
2019-09-23T14:41:18.443461Z 0 [Warning] 'tables_priv' entry 'sys_config mysql.sys@localhost' ignored in --skip-name-resolve mode.
2019-09-23T14:41:19.517416Z 0 [Note] Event Scheduler: Loaded 0 events
2019-09-23T14:41:19.517768Z 0 [Note] /usr/sbin/mysqld: ready for connections.
Version: '5.7.23'  socket: '/var/run/mysqld/mysqld.sock'  port: 3306  MySQL Community Server (GPL)
2019-09-23T18:37:35.219571Z 0 [Note] Giving 0 client threads a chance to die gracefully
2019-09-23T18:37:35.244472Z 0 [Note] Shutting down slave threads
2019-09-23T18:37:35.244659Z 0 [Note] Forcefully disconnecting 0 remaining clients
2019-09-23T18:37:35.244822Z 0 [Note] Event Scheduler: Purging the queue. 0 events
2019-09-23T18:37:35.245046Z 0 [Note] Binlog end
2019-09-23T18:37:35.246258Z 0 [Note] Shutting down plugin 'ngram'
2019-09-23T18:37:35.246358Z 0 [Note] Shutting down plugin 'partition'
2019-09-23T18:37:35.246483Z 0 [Note] Shutting down plugin 'BLACKHOLE'
2019-09-23T18:37:35.246572Z 0 [Note] Shutting down plugin 'ARCHIVE'
2019-09-23T18:37:35.246657Z 0 [Note] Shutting down plugin 'PERFORMANCE_SCHEMA'
2019-09-23T18:37:35.246752Z 0 [Note] Shutting down plugin 'MRG_MYISAM'
2019-09-23T18:37:35.246834Z 0 [Note] Shutting down plugin 'MyISAM'
2019-09-23T18:37:35.246945Z 0 [Note] Shutting down plugin 'INNODB_SYS_VIRTUAL'
2019-09-23T18:37:35.247050Z 0 [Note] Shutting down plugin 'INNODB_SYS_DATAFILES'
2019-09-23T18:37:35.247214Z 0 [Note] Shutting down plugin 'INNODB_SYS_TABLESPACES'
2019-09-23T18:37:35.247346Z 0 [Note] Shutting down plugin 'INNODB_SYS_FOREIGN_COLS'
2019-09-23T18:37:35.247482Z 0 [Note] Shutting down plugin 'INNODB_SYS_FOREIGN'
2019-09-23T18:37:35.247615Z 0 [Note] Shutting down plugin 'INNODB_SYS_FIELDS'
2019-09-23T18:37:35.247671Z 0 [Note] Shutting down plugin 'INNODB_SYS_COLUMNS'
2019-09-23T18:37:35.247721Z 0 [Note] Shutting down plugin 'INNODB_SYS_INDEXES'
2019-09-23T18:37:35.247769Z 0 [Note] Shutting down plugin 'INNODB_SYS_TABLESTATS'
2019-09-23T18:37:35.247816Z 0 [Note] Shutting down plugin 'INNODB_SYS_TABLES'
2019-09-23T18:37:35.247864Z 0 [Note] Shutting down plugin 'INNODB_FT_INDEX_TABLE'
2019-09-23T18:37:35.247912Z 0 [Note] Shutting down plugin 'INNODB_FT_INDEX_CACHE'
2019-09-23T18:37:35.247959Z 0 [Note] Shutting down plugin 'INNODB_FT_CONFIG'
2019-09-23T18:37:35.248039Z 0 [Note] Shutting down plugin 'INNODB_FT_BEING_DELETED'
2019-09-23T18:37:35.248104Z 0 [Note] Shutting down plugin 'INNODB_FT_DELETED'
2019-09-23T18:37:35.248151Z 0 [Note] Shutting down plugin 'INNODB_FT_DEFAULT_STOPWORD'
2019-09-23T18:37:35.248217Z 0 [Note] Shutting down plugin 'INNODB_METRICS'
2019-09-23T18:37:35.248297Z 0 [Note] Shutting down plugin 'INNODB_TEMP_TABLE_INFO'
2019-09-23T18:37:35.248462Z 0 [Note] Shutting down plugin 'INNODB_BUFFER_POOL_STATS'
2019-09-23T18:37:35.248670Z 0 [Note] Shutting down plugin 'INNODB_BUFFER_PAGE_LRU'
2019-09-23T18:37:35.248891Z 0 [Note] Shutting down plugin 'INNODB_BUFFER_PAGE'
2019-09-23T18:37:35.249063Z 0 [Note] Shutting down plugin 'INNODB_CMP_PER_INDEX_RESET'
2019-09-23T18:37:35.249122Z 0 [Note] Shutting down plugin 'INNODB_CMP_PER_INDEX'
2019-09-23T18:37:35.249271Z 0 [Note] Shutting down plugin 'INNODB_CMPMEM_RESET'
2019-09-23T18:37:35.249414Z 0 [Note] Shutting down plugin 'INNODB_CMPMEM'
2019-09-23T18:37:35.249499Z 0 [Note] Shutting down plugin 'INNODB_CMP_RESET'
2019-09-23T18:37:35.249580Z 0 [Note] Shutting down plugin 'INNODB_CMP'
2019-09-23T18:37:35.249795Z 0 [Note] Shutting down plugin 'INNODB_LOCK_WAITS'
2019-09-23T18:37:35.249918Z 0 [Note] Shutting down plugin 'INNODB_LOCKS'
2019-09-23T18:37:35.249992Z 0 [Note] Shutting down plugin 'INNODB_TRX'
2019-09-23T18:37:35.250097Z 0 [Note] Shutting down plugin 'InnoDB'
2019-09-23T18:37:35.250430Z 0 [Note] InnoDB: FTS optimize thread exiting.
2019-09-23T18:37:35.250719Z 0 [Note] InnoDB: Starting shutdown...
2019-09-23T18:37:35.351960Z 0 [Note] InnoDB: Dumping buffer pool(s) to /var/lib/mysql/ib_buffer_pool
2019-09-23T18:37:35.352528Z 0 [Note] InnoDB: Buffer pool(s) dump completed at 190923 18:37:35
2019-09-23T18:37:36.261543Z 0 [Note] InnoDB: Shutdown completed; log sequence number 11441956
2019-09-23T18:37:36.264106Z 0 [Note] InnoDB: Removed temporary tablespace data file: "ibtmp1"
2019-09-23T18:37:36.264221Z 0 [Note] Shutting down plugin 'MEMORY'
2019-09-23T18:37:36.264290Z 0 [Note] Shutting down plugin 'CSV'
2019-09-23T18:37:36.264353Z 0 [Note] Shutting down plugin 'sha256_password'
2019-09-23T18:37:36.264427Z 0 [Note] Shutting down plugin 'mysql_native_password'
2019-09-23T18:37:36.264602Z 0 [Note] Shutting down plugin 'binlog'
2019-09-23T18:37:36.265352Z 0 [Note] /usr/sbin/mysqld: Shutdown complete

